SF:lib\feathures\auth\presentation\pages\login_widget.dart
DA:20,3
DA:22,1
DA:23,1
DA:30,1
DA:32,2
DA:33,1
DA:36,0
DA:37,0
DA:38,0
DA:40,0
DA:44,0
DA:45,0
DA:46,0
DA:48,0
DA:49,0
DA:50,0
DA:54,0
DA:57,0
DA:61,1
DA:63,3
DA:64,3
DA:65,3
DA:66,3
DA:67,3
DA:69,1
DA:70,1
DA:71,1
DA:72,1
DA:73,1
DA:75,1
DA:76,1
DA:77,1
DA:78,1
DA:79,1
DA:82,1
DA:83,1
DA:85,1
DA:86,1
DA:87,1
DA:88,1
DA:89,1
DA:90,1
DA:91,1
DA:92,1
DA:97,1
DA:98,1
DA:99,1
DA:101,1
DA:104,1
DA:106,1
DA:116,1
DA:118,1
DA:124,2
DA:125,1
DA:127,1
DA:131,0
DA:132,0
DA:135,0
DA:136,0
DA:138,1
DA:148,1
DA:150,1
DA:159,0
DA:160,0
DA:161,0
DA:163,0
DA:164,0
DA:166,1
DA:172,0
DA:173,0
DA:174,0
DA:180,1
DA:182,1
DA:183,1
DA:184,1
DA:185,1
DA:186,1
DA:189,0
DA:190,0
DA:191,0
DA:192,0
DA:195,1
DA:197,1
DA:205,1
DA:206,0
DA:207,0
DA:208,0
DA:209,0
DA:210,0
DA:213,1
DA:215,1
DA:224,1
DA:225,1
DA:226,1
DA:227,0
DA:228,0
DA:229,0
DA:230,0
DA:231,0
DA:232,0
DA:235,1
DA:237,1
DA:238,1
DA:239,1
DA:240,1
DA:241,1
DA:242,3
DA:243,1
DA:244,1
DA:245,1
DA:251,1
DA:257,1
DA:258,1
DA:259,1
DA:260,1
DA:261,1
DA:263,1
DA:264,1
DA:267,0
DA:268,0
DA:269,0
DA:270,0
DA:271,0
DA:272,0
DA:273,0
DA:274,0
DA:276,0
DA:280,1
DA:282,1
DA:284,1
DA:293,1
DA:294,1
DA:295,1
DA:300,1
DA:303,1
DA:304,1
DA:306,1
DA:314,1
DA:315,1
DA:316,1
DA:321,1
DA:322,1
DA:323,2
DA:324,1
DA:325,1
DA:326,1
DA:327,1
DA:330,0
DA:331,0
DA:339,1
DA:340,1
DA:341,1
DA:344,1
DA:346,1
DA:349,1
DA:350,1
DA:352,1
DA:357,1
DA:358,0
DA:359,0
DA:360,0
DA:361,0
DA:362,0
DA:365,1
DA:367,1
LF:165
LH:110
end_of_record
SF:lib\feathures\auth\presentation\widget\string_validators.dart
DA:4,0
DA:5,0
DA:9,0
DA:10,0
DA:17,0
DA:18,0
DA:22,0
DA:29,0
DA:30,0
DA:34,0
DA:35,0
DA:42,0
DA:43,0
DA:47,0
DA:48,0
DA:55,0
DA:61,0
DA:63,0
DA:64,0
DA:65,0
DA:66,0
LF:21
LH:0
end_of_record
SF:lib\config\constants\api_endpoints.dart
DA:4,0
LF:1
LH:0
end_of_record
SF:lib\config\constants\appsize_constants.dart
DA:7,0
DA:8,0
DA:9,0
DA:12,2
DA:13,4
DA:16,2
DA:17,4
DA:22,0
DA:23,0
DA:24,0
DA:25,0
DA:26,0
DA:27,0
DA:28,0
DA:29,0
DA:30,2
DA:31,2
DA:33,0
DA:34,0
DA:35,0
DA:36,0
DA:37,0
DA:38,0
DA:39,0
DA:40,0
DA:41,2
DA:42,2
LF:27
LH:8
end_of_record
SF:lib\config\constants\headers_constants.dart
DA:1,0
LF:1
LH:0
end_of_record
SF:lib\config\constants\hive_table_constants.dart
DA:2,0
LF:1
LH:0
end_of_record
SF:lib\config\constants\index_skeleton.dart
DA:1,0
DA:2,0
DA:3,0
DA:6,0
DA:7,0
DA:11,0
DA:14,0
DA:15,0
DA:17,0
DA:20,0
DA:21,0
DA:23,0
DA:26,0
DA:27,0
DA:29,0
DA:32,0
DA:33,0
DA:35,0
DA:38,0
DA:39,0
DA:41,0
DA:47,0
DA:50,0
DA:51,0
DA:53,0
DA:59,0
DA:62,0
DA:63,0
DA:65,0
DA:71,0
DA:77,0
DA:83,0
DA:89,0
DA:92,0
DA:93,0
LF:35
LH:0
end_of_record
SF:lib\config\constants\key_constants.dart
DA:3,0
LF:1
LH:0
end_of_record
SF:lib\config\router\approutes.dart
DA:17,0
DA:35,0
DA:36,0
DA:37,0
DA:38,0
DA:39,0
DA:40,0
DA:41,0
DA:42,0
DA:43,0
DA:44,0
DA:45,0
DA:46,0
DA:47,0
DA:48,0
DA:49,0
DA:50,0
LF:17
LH:0
end_of_record
SF:lib\feathures\auth\presentation\view\auth_view.dart
DA:9,4
DA:14,2
DA:16,0
DA:18,0
DA:21,0
DA:22,0
DA:24,0
DA:25,0
LF:8
LH:2
end_of_record
SF:lib\feathures\auth\presentation\view\profile_view.dart
DA:35,4
DA:37,0
DA:38,0
DA:44,0
DA:47,0
DA:49,0
DA:50,0
DA:52,0
DA:53,0
DA:59,0
DA:63,0
DA:65,0
DA:67,0
DA:68,0
DA:69,0
DA:71,0
DA:72,0
DA:73,0
DA:75,0
DA:77,0
DA:80,0
DA:81,0
DA:82,0
DA:83,0
DA:92,0
DA:94,0
DA:96,0
DA:97,0
DA:98,0
DA:100,0
DA:101,0
DA:102,0
DA:103,0
DA:104,0
DA:106,0
DA:107,0
DA:109,0
DA:114,0
DA:115,0
DA:116,0
DA:117,0
DA:119,0
DA:120,0
DA:122,0
DA:132,0
DA:133,0
DA:134,0
DA:137,0
DA:138,0
DA:145,0
DA:151,0
DA:152,0
DA:153,0
DA:157,0
DA:161,0
DA:162,0
DA:169,0
DA:170,0
DA:174,0
DA:176,0
DA:177,0
DA:180,0
DA:181,0
DA:182,0
DA:184,0
DA:185,0
DA:186,0
DA:191,0
DA:193,0
DA:194,0
DA:197,0
DA:198,0
DA:200,0
DA:201,0
DA:204,0
DA:205,0
DA:206,0
DA:208,0
DA:209,0
DA:210,0
DA:215,0
DA:216,0
DA:217,0
DA:219,0
DA:220,0
DA:229,0
DA:230,0
DA:231,0
DA:232,0
DA:234,0
DA:236,0
DA:243,0
DA:249,0
DA:257,0
DA:258,0
DA:263,0
DA:264,0
DA:268,0
DA:269,0
DA:273,0
DA:274,0
DA:282,0
DA:283,0
DA:290,0
DA:291,0
DA:306,0
DA:307,0
DA:308,0
DA:309,0
DA:331,0
DA:332,0
DA:333,0
DA:334,0
DA:335,0
DA:336,0
DA:341,0
DA:343,0
DA:344,0
DA:347,0
DA:348,0
DA:349,0
DA:350,0
DA:354,0
DA:355,0
DA:356,0
DA:357,0
DA:360,0
DA:361,0
DA:362,0
DA:363,0
DA:374,0
DA:375,0
DA:376,0
DA:377,0
DA:383,0
DA:384,0
DA:385,0
DA:386,0
DA:392,0
DA:393,0
DA:394,0
DA:395,0
DA:401,0
DA:402,0
DA:403,0
DA:404,0
DA:410,0
DA:411,0
DA:412,0
DA:413,0
DA:419,0
DA:420,0
DA:421,0
DA:422,0
DA:428,0
DA:429,0
DA:430,0
DA:431,0
DA:437,0
DA:438,0
DA:439,0
DA:440,0
DA:446,0
DA:447,0
DA:448,0
DA:449,0
DA:455,0
DA:456,0
DA:457,0
DA:458,0
LF:170
LH:1
end_of_record
SF:lib\feathures\home\presentation\view\comare_view.dart
DA:10,2
DA:16,0
DA:17,0
DA:24,0
DA:26,0
DA:27,0
DA:28,0
DA:31,0
DA:33,0
DA:34,0
DA:35,0
DA:36,0
DA:37,0
DA:38,0
DA:39,0
DA:40,0
DA:42,0
DA:43,0
DA:46,0
DA:48,0
DA:49,0
DA:51,0
DA:52,0
DA:53,0
DA:54,0
DA:56,0
DA:57,0
DA:58,0
DA:59,0
DA:66,0
DA:67,0
DA:69,0
DA:70,0
DA:71,0
DA:72,0
DA:81,0
DA:82,0
DA:84,0
DA:85,0
DA:87,0
DA:89,0
DA:91,0
DA:100,0
DA:101,0
DA:102,0
DA:103,0
DA:104,0
DA:116,0
DA:122,0
DA:124,0
DA:125,0
DA:126,0
DA:127,0
DA:130,0
DA:131,0
DA:133,0
DA:137,0
DA:139,0
DA:141,0
DA:147,0
DA:148,0
DA:149,0
DA:150,0
DA:151,0
DA:155,0
DA:161,0
DA:163,0
DA:166,0
DA:167,0
DA:168,0
DA:169,0
DA:171,0
DA:176,0
DA:181,0
DA:182,0
DA:185,0
DA:186,0
DA:190,0
DA:191,0
DA:193,0
DA:194,0
DA:195,0
DA:196,0
DA:197,0
DA:198,0
DA:199,0
DA:200,0
DA:201,0
DA:202,0
DA:203,0
DA:204,0
DA:211,0
DA:215,0
DA:216,0
DA:217,0
DA:219,0
DA:220,0
DA:224,0
DA:230,0
DA:231,0
DA:232,0
DA:235,0
DA:236,0
DA:239,0
DA:240,0
DA:241,0
DA:242,0
DA:245,0
DA:246,0
DA:247,0
DA:248,0
LF:111
LH:1
end_of_record
SF:lib\feathures\home\presentation\view\financial_view.dart
DA:9,2
DA:11,0
DA:14,0
DA:15,0
DA:17,0
DA:18,0
DA:20,0
DA:21,0
DA:22,0
DA:23,0
DA:25,0
DA:34,0
DA:42,0
DA:43,0
DA:45,0
DA:46,0
DA:48,0
DA:49,0
DA:51,0
DA:52,0
DA:53,0
DA:54,0
DA:58,0
DA:68,0
DA:69,0
DA:70,0
DA:77,0
DA:78,0
DA:79,0
DA:87,0
DA:88,0
DA:90,0
DA:92,0
DA:94,0
DA:96,0
DA:98,0
DA:100,0
DA:102,0
DA:104,0
DA:106,0
DA:108,0
DA:110,0
DA:112,0
DA:114,0
DA:116,0
DA:118,0
DA:129,0
DA:131,0
DA:134,0
DA:135,0
DA:146,0
DA:148,0
DA:150,0
DA:151,0
DA:152,0
DA:160,0
DA:161,0
DA:162,0
DA:163,0
DA:164,0
DA:165,0
DA:174,0
DA:175,0
DA:187,0
DA:188,0
DA:189,0
DA:190,0
DA:191,0
DA:192,0
LF:69
LH:1
end_of_record
SF:lib\feathures\home\presentation\view\forex_view.dart
DA:10,2
DA:12,0
DA:15,0
DA:16,0
DA:18,0
DA:19,0
DA:23,0
DA:24,0
DA:25,0
DA:26,0
DA:28,0
DA:47,0
DA:48,0
DA:49,0
DA:50,0
DA:51,0
DA:53,0
DA:55,0
DA:61,0
DA:62,0
DA:63,0
DA:64,0
DA:73,0
DA:74,0
DA:76,0
DA:77,0
DA:79,0
DA:80,0
DA:81,0
DA:91,0
DA:93,0
DA:95,0
DA:96,0
DA:97,0
DA:103,0
DA:104,0
DA:105,0
DA:106,0
LF:38
LH:1
end_of_record
SF:lib\feathures\home\presentation\view\home_view.dart
DA:19,0
DA:20,0
DA:23,2
DA:25,0
DA:26,0
DA:40,0
DA:42,0
DA:43,0
DA:44,0
DA:46,0
DA:47,0
DA:48,0
DA:49,0
DA:50,0
DA:51,0
DA:52,0
DA:57,0
DA:58,0
DA:60,0
DA:61,0
DA:62,0
DA:70,0
DA:71,0
DA:73,0
DA:78,0
DA:79,0
LF:26
LH:1
end_of_record
SF:lib\feathures\home\presentation\view\notification_view.dart
DA:6,4
DA:8,0
DA:10,0
DA:12,0
DA:13,0
DA:15,0
DA:16,0
DA:18,0
DA:19,0
DA:25,0
DA:26,0
LF:11
LH:1
end_of_record
SF:lib\feathures\home\presentation\view\search_view.dart
DA:20,6
DA:22,0
DA:23,0
DA:31,0
DA:33,0
DA:34,0
DA:37,0
DA:39,0
DA:40,0
DA:43,0
DA:45,0
DA:46,0
DA:49,0
DA:50,0
DA:51,0
DA:52,0
DA:55,0
DA:56,0
DA:57,0
DA:64,0
DA:65,0
DA:69,0
DA:70,0
DA:71,0
DA:75,0
DA:76,0
DA:77,0
DA:78,0
DA:79,0
DA:80,0
DA:81,0
DA:86,0
DA:88,0
DA:92,0
DA:93,0
DA:95,0
DA:98,0
DA:100,0
DA:107,0
DA:108,0
DA:111,0
DA:112,0
DA:113,0
DA:114,0
DA:118,0
DA:119,0
DA:121,0
DA:122,0
DA:124,0
DA:125,0
DA:126,0
DA:127,0
DA:128,0
DA:129,0
DA:130,0
DA:131,0
DA:132,0
DA:133,0
DA:134,0
DA:135,0
DA:136,0
DA:140,0
DA:143,0
DA:144,0
DA:145,0
DA:146,0
DA:148,0
DA:156,0
DA:158,0
DA:161,0
DA:162,0
DA:163,0
DA:164,0
DA:169,0
DA:170,0
DA:171,0
DA:173,0
DA:174,0
DA:175,0
DA:177,0
DA:178,0
DA:179,0
DA:195,0
DA:198,0
DA:199,0
DA:200,0
DA:201,0
DA:203,0
DA:211,0
DA:214,0
DA:216,0
DA:217,0
DA:218,0
DA:219,0
DA:224,0
DA:225,0
DA:226,0
DA:228,0
DA:229,0
DA:230,0
DA:232,0
DA:233,0
DA:234,0
DA:250,0
DA:251,0
DA:254,0
DA:258,0
DA:261,0
DA:262,0
DA:263,0
DA:264,0
DA:265,0
DA:266,0
DA:267,0
DA:268,0
DA:270,0
DA:278,0
DA:279,0
DA:282,0
DA:283,0
DA:288,0
DA:289,0
DA:290,0
DA:291,0
DA:294,0
DA:296,0
DA:297,0
DA:298,0
DA:299,0
DA:301,0
DA:303,0
DA:304,0
DA:305,0
DA:306,0
DA:312,0
DA:314,0
DA:315,0
DA:316,0
DA:317,0
DA:319,0
DA:321,0
DA:322,0
DA:323,0
DA:328,0
DA:329,0
DA:331,0
DA:344,0
DA:348,0
DA:353,0
DA:354,0
DA:355,0
DA:361,0
DA:362,0
DA:363,0
DA:368,0
DA:369,0
DA:370,0
LF:157
LH:1
end_of_record
SF:lib\feathures\home\presentation\view\wallet_view.dart
DA:13,4
DA:15,0
DA:17,0
DA:18,0
DA:20,0
DA:21,0
DA:23,0
DA:24,0
DA:25,0
DA:26,0
DA:27,0
DA:28,0
DA:30,0
DA:31,0
DA:33,0
DA:40,0
DA:41,0
DA:43,0
DA:44,0
DA:46,0
DA:58,0
DA:64,0
DA:66,0
DA:68,0
DA:69,0
DA:71,0
DA:72,0
DA:74,0
DA:75,0
DA:76,0
DA:86,0
DA:88,0
DA:90,0
DA:98,0
DA:99,0
DA:100,0
DA:110,0
DA:111,0
DA:113,0
DA:115,0
DA:117,0
DA:126,0
DA:127,0
DA:133,0
DA:134,0
DA:135,0
DA:136,0
DA:137,0
DA:144,0
DA:145,0
DA:152,0
DA:153,0
DA:154,0
DA:155,0
DA:156,0
DA:157,0
DA:172,0
DA:173,0
DA:174,0
LF:59
LH:1
end_of_record
SF:lib\feathures\news\presentation\view\news_view.dart
DA:16,4
DA:18,0
DA:20,0
DA:21,0
DA:22,0
DA:23,0
DA:24,0
DA:26,0
DA:27,0
DA:28,0
DA:29,0
DA:30,0
DA:35,0
DA:36,0
DA:40,0
DA:41,0
DA:42,0
DA:43,0
DA:49,0
DA:58,0
DA:59,0
DA:60,0
DA:62,0
DA:63,0
DA:64,0
DA:65,0
DA:67,0
DA:70,0
DA:71,0
DA:73,0
DA:74,0
DA:75,0
DA:76,0
DA:77,0
DA:79,0
DA:84,0
DA:85,0
DA:91,0
DA:105,0
DA:106,0
DA:107,0
LF:41
LH:1
end_of_record
SF:lib\feathures\onboarding\presentation\view\onboarding_view.dart
DA:5,0
DA:6,0
DA:9,0
DA:12,2
DA:14,0
LF:5
LH:1
end_of_record
SF:lib\feathures\portfolio\presentation\view\portfolio_view.dart
DA:19,0
DA:20,0
DA:21,0
DA:25,0
DA:29,4
DA:31,0
DA:33,0
DA:34,0
DA:36,0
DA:38,0
DA:39,0
DA:41,0
DA:42,0
DA:43,0
DA:44,0
DA:45,0
DA:51,0
DA:52,0
DA:53,0
DA:55,0
DA:57,0
DA:58,0
DA:60,0
DA:69,0
DA:74,0
DA:75,0
DA:76,0
DA:77,0
DA:78,0
DA:89,0
DA:90,0
DA:92,0
DA:94,0
DA:96,0
DA:97,0
DA:98,0
DA:106,0
DA:108,0
DA:117,0
DA:119,0
DA:120,0
DA:121,0
DA:122,0
DA:123,0
DA:129,0
DA:131,0
DA:133,0
DA:135,0
DA:137,0
DA:139,0
DA:140,0
DA:143,0
DA:144,0
DA:145,0
DA:146,0
DA:147,0
DA:148,0
DA:149,0
DA:151,0
DA:152,0
DA:153,0
DA:157,0
DA:158,0
DA:160,0
DA:161,0
DA:162,0
DA:163,0
DA:164,0
DA:166,0
DA:168,0
DA:169,0
DA:181,0
DA:182,0
DA:184,0
DA:190,0
DA:191,0
DA:193,0
DA:199,0
DA:202,0
DA:203,0
DA:204,0
DA:205,0
DA:207,0
DA:210,0
DA:211,0
DA:213,0
DA:214,0
DA:217,0
DA:218,0
DA:219,0
DA:220,0
DA:221,0
DA:224,0
DA:225,0
DA:226,0
DA:227,0
DA:228,0
DA:229,0
DA:231,0
DA:236,0
DA:238,0
DA:239,0
DA:244,0
DA:247,0
LF:104
LH:1
end_of_record
SF:lib\feathures\splash\presentation\view\splash_view.dart
DA:10,2
DA:12,0
DA:14,0
DA:16,0
DA:17,0
DA:20,0
DA:21,0
DA:22,0
DA:23,0
DA:32,0
DA:34,0
DA:35,0
DA:36,0
DA:37,0
DA:38,0
DA:39,0
DA:42,0
DA:43,0
DA:45,0
DA:46,0
LF:20
LH:1
end_of_record
SF:lib\feathures\watchlist\presentation\view\watchlist_view.dart
DA:23,4
DA:25,0
DA:27,0
DA:28,0
DA:29,0
DA:31,0
DA:33,0
DA:34,0
DA:35,0
DA:36,0
DA:37,0
DA:38,0
DA:40,0
DA:41,0
DA:42,0
DA:43,0
DA:48,0
DA:50,0
DA:56,0
DA:57,0
DA:58,0
DA:59,0
DA:64,0
DA:71,0
DA:72,0
DA:75,0
DA:77,0
DA:78,0
DA:79,0
DA:80,0
DA:86,0
DA:95,0
DA:100,0
DA:101,0
DA:102,0
DA:103,0
DA:104,0
DA:105,0
DA:107,0
DA:108,0
DA:141,0
DA:143,0
DA:148,0
DA:149,0
DA:151,0
DA:152,0
DA:153,0
DA:155,0
DA:156,0
DA:158,0
DA:163,0
DA:164,0
DA:165,0
DA:166,0
DA:169,0
DA:170,0
DA:172,0
DA:173,0
DA:175,0
DA:180,0
DA:181,0
DA:182,0
DA:183,0
DA:186,0
DA:188,0
DA:189,0
DA:191,0
DA:195,0
DA:196,0
DA:197,0
DA:199,0
DA:200,0
DA:201,0
DA:203,0
DA:204,0
DA:206,0
DA:210,0
DA:211,0
DA:212,0
DA:213,0
DA:214,0
DA:216,0
DA:217,0
DA:219,0
DA:223,0
DA:224,0
DA:225,0
DA:226,0
DA:227,0
DA:229,0
DA:230,0
DA:232,0
DA:236,0
DA:237,0
DA:238,0
DA:239,0
DA:242,0
DA:244,0
DA:251,0
DA:252,0
DA:254,0
DA:256,0
DA:258,0
DA:260,0
DA:261,0
DA:263,0
DA:266,0
DA:267,0
DA:269,0
DA:270,0
DA:273,0
DA:274,0
DA:276,0
DA:277,0
DA:280,0
DA:281,0
DA:282,0
DA:283,0
DA:289,0
DA:291,0
DA:292,0
DA:293,0
DA:294,0
DA:295,0
DA:301,0
DA:302,0
DA:304,0
DA:310,0
DA:312,0
DA:314,0
DA:315,0
DA:323,0
DA:325,0
DA:327,0
DA:328,0
DA:336,0
DA:338,0
DA:340,0
DA:341,0
DA:349,0
DA:351,0
DA:353,0
DA:354,0
LF:143
LH:1
end_of_record
SF:lib\config\router\navigation_service.dart
DA:7,0
DA:8,0
DA:11,0
DA:12,0
DA:15,0
DA:16,0
DA:17,0
DA:21,0
DA:22,0
DA:23,0
DA:26,0
DA:27,0
DA:28,0
DA:32,0
DA:34,0
DA:35,0
DA:39,0
DA:41,0
DA:42,0
DA:46,0
DA:49,0
DA:50,0
DA:54,0
DA:55,0
DA:58,0
DA:59,0
LF:26
LH:0
end_of_record
SF:lib\config\themes\app_text_styles.dart
DA:5,0
DA:10,0
DA:15,0
DA:20,0
DA:25,0
DA:30,0
DA:35,0
DA:41,0
DA:46,0
DA:52,0
DA:54,0
DA:59,0
DA:64,0
DA:69,0
DA:74,0
DA:79,0
DA:84,0
DA:89,0
DA:94,0
DA:99,0
DA:104,0
LF:21
LH:0
end_of_record
SF:lib\config\themes\app_themes.dart
DA:8,0
DA:10,0
DA:16,0
DA:17,0
DA:18,0
DA:21,0
DA:23,0
DA:24,0
DA:25,0
DA:26,0
DA:29,0
DA:30,0
DA:31,0
DA:32,0
DA:33,0
DA:36,0
DA:37,0
DA:38,0
DA:39,0
DA:40,0
DA:43,0
DA:44,0
DA:45,0
DA:46,0
DA:47,0
DA:50,0
DA:52,0
DA:54,0
DA:55,0
DA:56,0
DA:58,0
DA:60,0
DA:97,0
DA:98,0
DA:99,0
DA:100,0
DA:102,0
DA:103,0
DA:105,0
DA:106,0
DA:107,0
DA:108,0
DA:109,0
DA:110,0
DA:114,0
DA:119,0
DA:120,0
DA:130,0
DA:131,0
DA:132,0
DA:135,0
DA:136,0
DA:137,0
DA:141,0
DA:143,0
DA:146,0
DA:147,0
DA:151,0
DA:157,0
DA:162,0
DA:164,0
DA:169,0
DA:171,0
DA:173,0
DA:177,0
DA:178,0
DA:181,0
DA:182,0
DA:184,0
DA:187,0
DA:191,0
DA:192,0
DA:193,0
DA:194,0
DA:195,0
DA:199,0
DA:200,0
DA:203,0
DA:204,0
DA:209,0
DA:211,0
DA:218,0
DA:234,0
DA:237,0
DA:240,0
DA:241,0
DA:256,0
DA:259,0
DA:261,0
DA:265,0
DA:270,0
DA:272,0
DA:277,0
DA:279,0
DA:280,0
DA:282,0
DA:283,0
DA:284,0
DA:290,0
DA:291,0
DA:292,0
DA:293,0
DA:294,0
DA:295,0
DA:296,0
DA:297,0
DA:298,0
LF:107
LH:0
end_of_record
SF:lib\core\shared_prefs\user_shared_prefs.dart
DA:6,8
DA:7,2
DA:8,2
DA:10,2
DA:18,2
DA:19,2
DA:20,0
DA:24,1
DA:25,1
DA:26,1
DA:30,0
DA:32,0
DA:33,0
DA:40,0
DA:42,0
DA:43,0
DA:50,0
DA:52,0
DA:53,0
DA:60,0
DA:62,0
DA:63,0
DA:71,0
DA:73,0
DA:74,0
DA:76,0
DA:80,0
DA:81,0
DA:83,0
DA:84,0
DA:86,0
DA:87,0
DA:89,0
DA:90,0
DA:93,0
DA:96,0
DA:98,0
DA:99,0
DA:101,0
DA:105,1
DA:107,1
DA:108,0
DA:114,0
DA:116,0
DA:117,0
DA:124,0
DA:126,0
DA:127,0
DA:134,0
DA:136,0
DA:137,0
DA:144,0
DA:146,0
DA:147,0
DA:149,0
DA:153,0
DA:155,0
DA:156,0
DA:163,0
DA:168,0
DA:169,0
DA:176,0
DA:178,0
DA:180,0
DA:187,0
DA:189,0
DA:190,0
DA:197,0
DA:199,0
DA:200,0
DA:207,0
DA:209,0
DA:210,0
DA:217,0
DA:219,0
DA:220,0
DA:227,0
DA:229,0
DA:230,0
DA:237,2
DA:239,2
DA:240,0
DA:243,0
DA:247,0
DA:249,0
DA:250,0
DA:257,0
DA:259,0
DA:260,0
DA:267,0
DA:269,0
DA:271,0
DA:278,0
DA:280,0
DA:281,0
DA:288,0
DA:290,0
DA:291,0
DA:298,0
DA:300,0
DA:301,0
DA:308,0
DA:310,0
DA:311,0
DA:318,0
DA:320,0
DA:322,0
DA:329,0
DA:331,0
DA:332,0
DA:339,0
DA:341,0
DA:342,0
DA:354,0
DA:356,0
DA:358,0
DA:365,0
DA:367,0
DA:368,0
DA:375,0
DA:377,0
DA:378,0
DA:385,0
DA:387,0
DA:389,0
DA:396,0
DA:398,0
DA:399,0
DA:401,0
DA:405,0
DA:407,0
DA:408,0
DA:410,0
DA:412,0
LF:134
LH:13
end_of_record
SF:lib\config\themes\colored_text.dart
DA:9,0
DA:16,0
DA:17,0
DA:20,0
DA:21,0
DA:22,0
DA:25,0
DA:26,0
DA:27,0
DA:28,0
LF:10
LH:0
end_of_record
SF:lib\core\common\cache\auth_cache.dart
DA:6,8
DA:7,2
DA:8,4
DA:9,4
DA:16,2
DA:18,0
DA:19,0
LF:7
LH:5
end_of_record
SF:lib\core\network\hive_service.dart
DA:34,8
DA:35,2
DA:39,0
DA:40,0
DA:41,0
DA:43,0
DA:44,0
DA:45,0
DA:46,0
DA:47,0
DA:48,0
DA:49,0
DA:50,0
DA:52,0
DA:53,0
DA:54,0
DA:55,0
DA:56,0
DA:57,0
DA:59,0
DA:60,0
DA:61,0
DA:63,0
DA:64,0
DA:65,0
DA:67,0
DA:68,0
DA:69,0
DA:72,0
DA:76,0
DA:77,0
DA:85,0
DA:86,0
DA:87,0
DA:88,0
DA:91,0
DA:93,0
DA:94,0
DA:95,0
DA:96,0
DA:100,0
DA:101,0
DA:102,0
DA:103,0
DA:105,0
DA:111,0
DA:112,0
DA:114,0
DA:115,0
DA:116,0
DA:119,0
DA:120,0
DA:122,0
DA:123,0
DA:129,0
DA:130,0
DA:132,0
DA:133,0
DA:134,0
DA:135,0
DA:138,0
DA:139,0
DA:141,0
DA:142,0
DA:147,0
DA:149,0
DA:150,0
DA:151,0
DA:152,0
DA:155,0
DA:156,0
DA:157,0
DA:158,0
DA:163,0
DA:165,0
DA:166,0
DA:167,0
DA:168,0
DA:169,0
DA:172,0
DA:173,0
DA:174,0
DA:176,0
DA:178,0
DA:185,0
DA:187,0
DA:188,0
DA:189,0
DA:192,0
DA:193,0
DA:194,0
DA:195,0
DA:196,0
DA:202,0
DA:203,0
DA:205,0
DA:206,0
DA:207,0
DA:208,0
DA:211,0
DA:212,0
DA:213,0
DA:215,0
DA:216,0
DA:224,0
DA:225,0
DA:227,0
DA:228,0
DA:229,0
DA:230,0
DA:233,0
DA:234,0
DA:235,0
DA:236,0
DA:237,0
DA:238,0
DA:239,0
DA:245,0
DA:247,0
DA:248,0
DA:249,0
DA:250,0
DA:253,0
DA:255,0
DA:256,0
DA:257,0
DA:263,0
DA:264,0
DA:266,0
DA:267,0
DA:268,0
DA:271,0
DA:272,0
DA:274,0
DA:275,0
DA:280,0
DA:281,0
DA:282,0
DA:286,0
DA:287,0
DA:291,0
DA:292,0
DA:293,0
DA:294,0
DA:295,0
LF:145
LH:2
end_of_record
SF:lib\feathures\auth\data\model\auth_hive_model.dart
DA:13,6
DA:14,4
DA:46,2
DA:47,2
DA:57,2
DA:61,2
DA:75,0
DA:77,2
DA:79,0
DA:80,0
DA:81,0
DA:82,0
DA:83,0
DA:84,0
DA:85,0
DA:86,0
DA:87,0
DA:88,0
DA:89,0
DA:90,0
DA:92,0
DA:93,0
DA:94,0
DA:97,0
DA:98,0
DA:99,0
DA:100,0
DA:101,0
DA:102,0
DA:103,0
DA:104,0
DA:105,0
DA:106,0
DA:107,0
DA:108,0
DA:111,0
DA:112,0
DA:113,0
DA:114,0
DA:115,0
DA:116,0
DA:117,0
DA:118,0
DA:119,0
DA:120,0
DA:121,0
DA:122,0
DA:125,0
DA:126,0
DA:127,0
DA:128,0
DA:129,0
DA:130,0
DA:131,0
DA:132,0
DA:133,0
DA:134,0
DA:135,0
DA:136,0
DA:137,0
DA:139,0
DA:140,0
LF:62
LH:7
end_of_record
SF:lib\feathures\auth\data\model\auth_hive_model.g.dart
DA:13,0
DA:15,0
DA:16,0
DA:17,0
DA:19,0
DA:20,0
DA:21,0
DA:22,0
DA:23,0
DA:24,0
DA:25,0
DA:26,0
DA:27,0
DA:28,0
DA:29,0
DA:30,0
DA:31,0
DA:32,0
DA:36,0
DA:39,0
DA:40,0
DA:41,0
DA:42,0
DA:43,0
DA:44,0
DA:45,0
DA:46,0
DA:47,0
DA:48,0
DA:49,0
DA:50,0
DA:51,0
DA:52,0
DA:53,0
DA:54,0
DA:55,0
DA:56,0
DA:57,0
DA:58,0
DA:59,0
DA:60,0
DA:61,0
DA:62,0
DA:63,0
DA:64,0
DA:65,0
DA:68,0
DA:69,0
DA:71,0
DA:74,0
DA:75,0
DA:76,0
LF:52
LH:0
end_of_record
SF:lib\feathures\auth\domain\entity\auth_entity.dart
DA:10,0
DA:35,0
DA:36,0
DA:37,0
DA:38,0
DA:39,0
DA:40,0
DA:41,0
DA:42,0
DA:43,0
DA:44,0
DA:45,0
DA:46,0
DA:47,0
DA:48,0
DA:49,0
DA:50,0
DA:53,0
DA:54,0
DA:56,0
DA:58,4
LF:21
LH:1
end_of_record
SF:lib\feathures\auth\domain\entity\auth_entity.g.dart
DA:9,0
DA:10,0
DA:11,0
DA:12,0
DA:13,0
DA:14,0
DA:15,0
DA:16,0
DA:17,0
DA:18,0
DA:19,0
DA:20,0
DA:21,0
DA:22,0
DA:23,0
DA:24,0
DA:25,0
DA:28,0
DA:29,0
DA:30,0
DA:31,0
DA:32,0
DA:33,0
DA:34,0
DA:35,0
DA:36,0
DA:37,0
DA:38,0
DA:39,0
DA:40,0
DA:41,0
DA:42,0
DA:43,0
LF:33
LH:0
end_of_record
SF:lib\core\common\cache\categories_cache.dart
DA:6,0
DA:7,0
DA:8,0
DA:9,0
DA:16,0
DA:19,0
DA:20,0
DA:21,0
LF:8
LH:0
end_of_record
SF:lib\feathures\home\data\model\categories_hive_model.g.dart
DA:13,0
DA:15,0
DA:16,0
DA:17,0
DA:19,0
DA:20,0
DA:21,0
DA:22,0
DA:23,0
DA:24,0
DA:25,0
DA:29,0
DA:32,0
DA:33,0
DA:34,0
DA:35,0
DA:36,0
DA:37,0
DA:38,0
DA:39,0
DA:40,0
DA:41,0
DA:42,0
DA:43,0
DA:44,0
DA:47,0
DA:48,0
DA:50,0
DA:53,0
DA:54,0
DA:55,0
LF:31
LH:0
end_of_record
SF:lib\feathures\home\data\model\categories_hive_model.dart
DA:14,0
DA:15,0
DA:16,0
DA:17,0
DA:18,0
DA:19,0
DA:20,0
DA:39,0
DA:46,0
DA:48,0
DA:50,0
DA:51,0
DA:52,0
DA:53,0
DA:54,0
DA:56,0
DA:57,0
DA:59,0
DA:61,0
DA:63,0
DA:65,0
DA:67,0
DA:69,0
DA:70,0
DA:71,0
DA:72,0
DA:73,0
DA:74,0
DA:76,0
DA:77,0
DA:79,0
DA:81,0
DA:83,0
DA:85,0
DA:87,0
LF:35
LH:0
end_of_record
SF:lib\feathures\home\domain\entity\topcategories_entity.dart
DA:14,0
DA:32,0
DA:33,0
DA:34,0
DA:35,0
DA:36,0
DA:37,0
DA:38,0
DA:41,4
DA:49,0
DA:50,0
DA:52,0
DA:53,0
DA:54,0
DA:55,0
DA:56,0
DA:57,0
LF:17
LH:1
end_of_record
SF:lib\feathures\home\domain\entity\topcategories_entity.g.dart
DA:11,0
DA:12,0
DA:13,0
DA:14,0
DA:15,0
DA:16,0
DA:17,0
DA:18,0
DA:19,0
DA:20,0
DA:21,0
DA:22,0
DA:23,0
DA:24,0
DA:25,0
DA:26,0
DA:27,0
DA:30,0
DA:32,0
DA:33,0
DA:34,0
DA:35,0
DA:36,0
DA:37,0
LF:24
LH:0
end_of_record
SF:lib\core\common\cache\commodity_cache.dart
DA:6,0
DA:7,0
DA:8,0
DA:9,0
DA:16,0
DA:19,0
DA:20,0
DA:21,0
LF:8
LH:0
end_of_record
SF:lib\feathures\home\data\model\commodity_local_model.dart
DA:8,0
DA:9,0
DA:26,0
DA:35,0
DA:43,0
DA:44,0
DA:45,0
DA:46,0
DA:47,0
DA:48,0
DA:49,0
DA:50,0
DA:53,0
DA:54,0
DA:55,0
DA:56,0
DA:57,0
DA:58,0
DA:59,0
DA:61,0
DA:62,0
DA:63,0
DA:64,0
DA:65,0
DA:66,0
DA:67,0
DA:68,0
DA:71,0
DA:73,0
DA:74,0
DA:75,0
DA:76,0
DA:77,0
DA:78,0
DA:79,0
DA:81,0
DA:84,0
DA:86,0
DA:87,0
DA:88,0
DA:89,0
DA:90,0
DA:91,0
DA:92,0
DA:94,0
LF:45
LH:0
end_of_record
SF:lib\feathures\home\data\model\commodity_local_model.g.dart
DA:14,0
DA:16,0
DA:17,0
DA:18,0
DA:20,0
DA:21,0
DA:22,0
DA:23,0
DA:24,0
DA:25,0
DA:26,0
DA:30,0
DA:33,0
DA:34,0
DA:35,0
DA:36,0
DA:37,0
DA:38,0
DA:39,0
DA:40,0
DA:41,0
DA:42,0
DA:43,0
DA:44,0
DA:45,0
DA:48,0
DA:49,0
DA:51,0
DA:54,0
DA:55,0
DA:56,0
LF:31
LH:0
end_of_record
SF:lib\feathures\home\domain\entity\commodity_entity.dart
DA:7,0
DA:27,2
DA:36,0
DA:37,0
DA:38,0
DA:39,0
DA:40,0
DA:41,0
DA:42,0
DA:43,0
DA:46,0
DA:47,0
DA:49,0
DA:51,0
DA:52,0
DA:53,0
DA:54,0
DA:55,0
DA:56,0
DA:57,0
LF:20
LH:1
end_of_record
SF:lib\feathures\home\domain\entity\commodity_entity.g.dart
DA:9,0
DA:10,0
DA:11,0
DA:12,0
DA:13,0
DA:14,0
DA:15,0
DA:16,0
DA:19,0
DA:20,0
DA:21,0
DA:22,0
DA:23,0
DA:24,0
DA:25,0
DA:26,0
LF:16
LH:0
end_of_record
SF:lib\core\common\cache\index_cache.dart
DA:6,0
DA:7,0
DA:8,0
DA:9,0
DA:16,0
DA:18,0
DA:19,0
LF:7
LH:0
end_of_record
SF:lib\feathures\home\data\model\index_hive_model.g.dart
DA:13,0
DA:15,0
DA:16,0
DA:17,0
DA:19,0
DA:20,0
DA:21,0
DA:22,0
DA:23,0
DA:24,0
DA:25,0
DA:26,0
DA:30,0
DA:33,0
DA:34,0
DA:35,0
DA:36,0
DA:37,0
DA:38,0
DA:39,0
DA:40,0
DA:41,0
DA:42,0
DA:43,0
DA:44,0
DA:45,0
DA:46,0
DA:47,0
DA:50,0
DA:51,0
DA:53,0
DA:56,0
DA:57,0
DA:58,0
LF:34
LH:0
end_of_record
SF:lib\feathures\home\data\model\index_hive_model.dart
DA:9,0
DA:10,0
DA:29,0
DA:37,0
DA:39,0
DA:48,0
DA:49,0
DA:50,0
DA:51,0
DA:52,0
DA:53,0
DA:54,0
DA:55,0
DA:58,0
DA:59,0
DA:60,0
DA:61,0
DA:62,0
DA:63,0
DA:64,0
DA:66,0
DA:67,0
DA:68,0
DA:69,0
DA:70,0
DA:71,0
DA:72,0
DA:73,0
DA:76,0
DA:78,0
DA:79,0
DA:80,0
DA:81,0
DA:82,0
DA:83,0
DA:84,0
DA:86,0
DA:89,0
DA:91,0
DA:92,0
DA:93,0
DA:94,0
DA:95,0
DA:96,0
DA:97,0
DA:99,0
LF:46
LH:0
end_of_record
SF:lib\feathures\home\domain\entity\index_entity.dart
DA:7,0
DA:25,4
DA:33,0
DA:34,0
DA:36,0
DA:38,0
DA:39,0
DA:40,0
DA:41,0
DA:42,0
DA:43,0
DA:44,0
DA:46,0
DA:48,0
LF:14
LH:1
end_of_record
SF:lib\feathures\home\domain\entity\index_entity.g.dart
DA:9,0
DA:10,0
DA:11,0
DA:12,0
DA:13,0
DA:14,0
DA:15,0
DA:18,0
DA:19,0
DA:20,0
DA:21,0
DA:22,0
DA:23,0
DA:24,0
DA:25,0
LF:15
LH:0
end_of_record
SF:lib\core\common\cache\metals_cache.dart
DA:6,0
DA:7,0
DA:8,0
DA:9,0
DA:16,0
DA:18,0
DA:19,0
LF:7
LH:0
end_of_record
SF:lib\feathures\home\data\model\metals_hive_model.g.dart
DA:13,0
DA:15,0
DA:16,0
DA:17,0
DA:19,0
DA:20,0
DA:21,0
DA:22,0
DA:23,0
DA:24,0
DA:25,0
DA:26,0
DA:27,0
DA:31,0
DA:34,0
DA:35,0
DA:36,0
DA:37,0
DA:38,0
DA:39,0
DA:40,0
DA:41,0
DA:42,0
DA:43,0
DA:44,0
DA:45,0
DA:46,0
DA:47,0
DA:48,0
DA:49,0
DA:50,0
DA:53,0
DA:54,0
DA:56,0
DA:59,0
DA:60,0
DA:61,0
LF:37
LH:0
end_of_record
SF:lib\feathures\home\data\model\metals_hive_model.dart
DA:9,0
DA:10,0
DA:40,0
DA:49,0
DA:51,0
DA:61,0
DA:62,0
DA:63,0
DA:64,0
DA:65,0
DA:66,0
DA:67,0
DA:68,0
DA:69,0
DA:72,0
DA:73,0
DA:74,0
DA:75,0
DA:76,0
DA:77,0
DA:78,0
DA:79,0
DA:82,0
DA:83,0
DA:84,0
DA:85,0
DA:86,0
DA:87,0
DA:88,0
DA:89,0
DA:90,0
DA:93,0
DA:95,0
DA:96,0
DA:97,0
DA:98,0
DA:99,0
DA:100,0
DA:101,0
DA:102,0
DA:104,0
DA:107,0
DA:109,0
DA:110,0
DA:111,0
DA:112,0
DA:113,0
DA:114,0
DA:115,0
DA:116,0
DA:118,0
LF:51
LH:0
end_of_record
SF:lib\feathures\home\domain\entity\metals_entity.dart
DA:7,0
DA:29,2
DA:39,0
DA:40,0
DA:41,0
DA:42,0
DA:43,0
DA:44,0
DA:45,0
DA:46,0
DA:47,0
DA:50,0
DA:51,0
DA:53,0
DA:55,0
DA:56,0
DA:57,0
DA:58,0
DA:59,0
DA:60,0
DA:61,0
DA:62,0
LF:22
LH:1
end_of_record
SF:lib\feathures\home\domain\entity\metals_entity.g.dart
DA:9,0
DA:10,0
DA:11,0
DA:12,0
DA:13,0
DA:14,0
DA:15,0
DA:16,0
DA:19,0
DA:20,0
DA:21,0
DA:22,0
DA:23,0
DA:24,0
DA:25,0
DA:26,0
DA:27,0
LF:17
LH:0
end_of_record
SF:lib\core\common\cache\nrb_cache.dart
DA:6,0
DA:7,0
DA:8,0
DA:9,0
DA:16,0
DA:18,0
DA:19,0
DA:20,0
LF:8
LH:0
end_of_record
SF:lib\feathures\home\data\model\nrb_data_local_model.dart
DA:10,0
DA:11,0
DA:20,0
DA:25,0
DA:26,0
DA:27,0
DA:29,0
DA:30,0
DA:31,0
DA:33,0
DA:34,0
DA:35,0
DA:38,0
DA:39,0
DA:40,0
DA:41,0
DA:45,0
DA:46,0
DA:49,0
DA:50,0
LF:20
LH:0
end_of_record
SF:lib\feathures\home\data\model\nrb_data_local_model.g.dart
DA:13,0
DA:15,0
DA:16,0
DA:17,0
DA:19,0
DA:20,0
DA:21,0
DA:25,0
DA:28,0
DA:29,0
DA:30,0
DA:31,0
DA:32,0
DA:35,0
DA:36,0
DA:38,0
DA:41,0
DA:42,0
DA:43,0
LF:19
LH:0
end_of_record
SF:lib\feathures\home\domain\entity\nrbdata_entity.dart
DA:80,0
DA:111,2
DA:116,0
DA:117,0
DA:119,0
DA:120,0
DA:121,0
DA:148,0
DA:149,0
DA:150,0
DA:151,0
LF:11
LH:1
end_of_record
SF:lib\core\common\cache\portfolio_cache.dart
DA:6,0
DA:7,0
DA:8,0
DA:10,0
DA:17,0
DA:20,0
DA:21,0
DA:22,0
LF:8
LH:0
end_of_record
SF:lib\feathures\portfolio\data\dto\get_portfolio_dto.dart
DA:16,0
DA:22,0
DA:23,0
DA:25,0
DA:26,0
DA:27,0
DA:29,0
DA:31,0
DA:32,0
DA:33,0
DA:37,0
DA:38,0
DA:46,0
LF:13
LH:0
end_of_record
SF:lib\feathures\portfolio\data\dto\get_portfolio_dto.g.dart
DA:11,0
DA:12,0
DA:13,0
DA:14,0
DA:15,0
DA:17,0
DA:18,0
DA:19,0
DA:22,0
DA:23,0
DA:24,0
DA:25,0
DA:26,0
DA:27,0
LF:14
LH:0
end_of_record
SF:lib\feathures\portfolio\data\model\portfolio_combined_local_model.g.dart
DA:14,0
DA:16,0
DA:17,0
DA:18,0
DA:20,0
DA:21,0
DA:22,0
DA:26,0
DA:29,0
DA:30,0
DA:31,0
DA:32,0
DA:33,0
DA:36,0
DA:37,0
DA:39,0
DA:42,0
DA:43,0
DA:44,0
LF:19
LH:0
end_of_record
SF:lib\feathures\portfolio\data\model\portfolio_combined_local_model.dart
DA:10,0
DA:11,0
DA:12,0
DA:13,0
DA:14,0
DA:16,0
DA:26,0
DA:30,0
DA:31,0
DA:32,0
DA:34,0
DA:35,0
DA:37,0
DA:39,0
DA:41,0
DA:42,0
DA:43,0
DA:44,0
LF:18
LH:0
end_of_record
SF:lib\core\common\cache\stocks_cache.dart
DA:6,0
DA:7,0
DA:8,0
DA:9,0
DA:16,0
DA:18,0
DA:19,0
LF:7
LH:0
end_of_record
SF:lib\feathures\home\data\model\stocks_hive_model.dart
DA:9,0
DA:52,0
DA:72,0
DA:74,0
DA:95,0
DA:96,0
DA:97,0
DA:98,0
DA:99,0
DA:100,0
DA:101,0
DA:102,0
DA:103,0
DA:104,0
DA:105,0
DA:106,0
DA:107,0
DA:108,0
DA:109,0
DA:110,0
DA:111,0
DA:112,0
DA:113,0
DA:114,0
DA:118,0
DA:119,0
DA:120,0
DA:121,0
DA:122,0
DA:123,0
DA:124,0
DA:125,0
DA:126,0
DA:127,0
DA:128,0
DA:129,0
DA:130,0
DA:131,0
DA:132,0
DA:133,0
DA:134,0
DA:135,0
DA:136,0
DA:139,0
DA:140,0
DA:141,0
DA:142,0
DA:143,0
DA:144,0
DA:145,0
DA:146,0
DA:147,0
DA:148,0
DA:149,0
DA:150,0
DA:151,0
DA:152,0
DA:153,0
DA:154,0
DA:155,0
DA:156,0
DA:157,0
DA:158,0
DA:162,0
DA:164,0
DA:165,0
DA:166,0
DA:167,0
DA:168,0
DA:169,0
DA:170,0
DA:171,0
DA:172,0
DA:173,0
DA:174,0
DA:175,0
DA:176,0
DA:177,0
DA:178,0
DA:179,0
DA:180,0
DA:181,0
DA:182,0
DA:183,0
DA:185,0
DA:188,0
DA:189,0
LF:87
LH:0
end_of_record
SF:lib\feathures\home\data\model\stocks_hive_model.g.dart
DA:13,0
DA:15,0
DA:16,0
DA:17,0
DA:19,0
DA:20,0
DA:21,0
DA:22,0
DA:23,0
DA:24,0
DA:25,0
DA:26,0
DA:27,0
DA:28,0
DA:29,0
DA:30,0
DA:31,0
DA:32,0
DA:33,0
DA:34,0
DA:35,0
DA:36,0
DA:37,0
DA:38,0
DA:42,0
DA:45,0
DA:46,0
DA:47,0
DA:48,0
DA:49,0
DA:50,0
DA:51,0
DA:52,0
DA:53,0
DA:54,0
DA:55,0
DA:56,0
DA:57,0
DA:58,0
DA:59,0
DA:60,0
DA:61,0
DA:62,0
DA:63,0
DA:64,0
DA:65,0
DA:66,0
DA:67,0
DA:68,0
DA:69,0
DA:70,0
DA:71,0
DA:72,0
DA:73,0
DA:74,0
DA:75,0
DA:76,0
DA:77,0
DA:78,0
DA:79,0
DA:80,0
DA:81,0
DA:82,0
DA:83,0
DA:86,0
DA:87,0
DA:89,0
DA:92,0
DA:93,0
DA:94,0
LF:70
LH:0
end_of_record
SF:lib\feathures\home\domain\entity\stock_entity.dart
DA:7,0
DA:50,4
DA:71,0
DA:72,0
DA:74,0
DA:76,0
DA:77,0
DA:78,0
DA:82,0
DA:84,0
DA:85,0
DA:86,0
DA:87,0
DA:88,0
DA:89,0
DA:90,0
DA:91,0
DA:92,0
DA:93,0
DA:94,0
DA:95,0
DA:96,0
DA:97,0
DA:98,0
DA:99,0
DA:100,0
DA:101,0
DA:102,0
DA:106,0
DA:107,0
DA:108,0
DA:109,0
DA:110,0
DA:111,0
DA:112,0
DA:113,0
DA:114,0
DA:115,0
DA:116,0
DA:117,0
DA:118,0
DA:119,0
DA:120,0
DA:121,0
DA:122,0
DA:123,0
DA:124,0
DA:129,0
DA:130,0
DA:131,0
DA:132,0
DA:135,0
DA:136,0
DA:137,0
DA:140,0
DA:141,0
DA:142,0
LF:57
LH:1
end_of_record
SF:lib\feathures\home\domain\entity\stock_entity.g.dart
DA:9,0
DA:10,0
DA:11,0
DA:12,0
DA:13,0
DA:14,0
DA:15,0
DA:16,0
DA:17,0
DA:18,0
DA:19,0
DA:20,0
DA:21,0
DA:22,0
DA:23,0
DA:24,0
DA:25,0
DA:26,0
DA:27,0
DA:30,0
DA:31,0
DA:32,0
DA:33,0
DA:34,0
DA:35,0
DA:36,0
DA:37,0
DA:38,0
DA:39,0
DA:40,0
DA:41,0
DA:42,0
DA:43,0
DA:44,0
DA:45,0
DA:46,0
DA:47,0
DA:48,0
DA:49,0
LF:39
LH:0
end_of_record
SF:lib\core\common\cache\watchlist_cache.dart
DA:6,0
DA:7,0
DA:8,0
DA:9,0
DA:16,0
DA:19,0
DA:20,0
DA:21,0
LF:8
LH:0
end_of_record
SF:lib\feathures\watchlist\data\model\watch_local_model.dart
DA:8,0
DA:9,0
DA:22,0
DA:29,0
DA:33,0
DA:35,0
DA:36,0
DA:37,0
DA:38,0
DA:39,0
DA:40,0
DA:44,0
DA:45,0
DA:46,0
DA:47,0
DA:48,0
DA:51,0
DA:52,0
DA:53,0
DA:54,0
DA:55,0
DA:56,0
DA:60,0
DA:61,0
DA:64,0
DA:65,0
LF:26
LH:0
end_of_record
SF:lib\feathures\watchlist\data\model\watch_local_model.g.dart
DA:13,0
DA:15,0
DA:16,0
DA:17,0
DA:19,0
DA:20,0
DA:21,0
DA:22,0
DA:23,0
DA:27,0
DA:30,0
DA:31,0
DA:32,0
DA:33,0
DA:34,0
DA:35,0
DA:36,0
DA:37,0
DA:38,0
DA:41,0
DA:42,0
DA:44,0
DA:47,0
DA:48,0
DA:49,0
LF:25
LH:0
end_of_record
SF:lib\feathures\watchlist\domain\entity\watchlist_entity.dart
DA:13,0
DA:20,0
DA:21,0
DA:23,0
DA:24,0
DA:26,0
DA:28,0
DA:29,0
DA:30,0
DA:31,0
DA:32,0
LF:11
LH:0
end_of_record
SF:lib\feathures\watchlist\domain\entity\watchlist_entity.g.dart
DA:9,0
DA:10,0
DA:11,0
DA:12,0
DA:13,0
DA:15,0
DA:18,0
DA:19,0
DA:20,0
DA:21,0
DA:22,0
DA:23,0
LF:12
LH:0
end_of_record
SF:lib\core\common\cache\worlddata_cache.dart
DA:6,0
DA:7,0
DA:8,0
DA:9,0
DA:16,0
DA:19,0
DA:20,0
DA:21,0
LF:8
LH:0
end_of_record
SF:lib\feathures\home\data\model\world_market_hive_model.g.dart
DA:13,0
DA:15,0
DA:16,0
DA:17,0
DA:19,0
DA:20,0
DA:21,0
DA:22,0
DA:23,0
DA:24,0
DA:25,0
DA:29,0
DA:32,0
DA:33,0
DA:34,0
DA:35,0
DA:36,0
DA:37,0
DA:38,0
DA:39,0
DA:40,0
DA:41,0
DA:42,0
DA:43,0
DA:44,0
DA:47,0
DA:48,0
DA:50,0
DA:53,0
DA:54,0
DA:55,0
LF:31
LH:0
end_of_record
SF:lib\feathures\home\data\model\world_market_hive_model.dart
DA:12,0
DA:13,0
DA:31,0
DA:38,0
DA:40,0
DA:41,0
DA:42,0
DA:43,0
DA:44,0
DA:45,0
DA:46,0
DA:50,0
DA:52,0
DA:53,0
DA:55,0
DA:57,0
DA:59,0
DA:62,0
DA:63,0
DA:64,0
DA:65,0
DA:67,0
DA:69,0
DA:70,0
DA:71,0
DA:72,0
DA:73,0
DA:76,0
DA:77,0
DA:79,0
DA:80,0
DA:81,0
DA:82,0
DA:83,0
DA:86,0
DA:87,0
DA:88,0
DA:89,0
DA:90,0
DA:92,0
DA:94,0
DA:95,0
DA:96,0
DA:97,0
DA:98,0
DA:101,0
LF:46
LH:0
end_of_record
SF:lib\feathures\home\domain\entity\world_market_entity.dart
DA:10,0
DA:28,2
DA:36,0
DA:37,0
DA:38,0
DA:39,0
DA:40,0
DA:41,0
DA:42,0
DA:45,0
DA:46,0
DA:47,0
DA:48,0
DA:49,0
DA:50,0
DA:61,0
DA:62,0
LF:17
LH:1
end_of_record
SF:lib\feathures\home\domain\entity\world_market_entity.g.dart
DA:11,0
DA:12,0
DA:13,0
DA:14,0
DA:15,0
DA:16,0
DA:17,0
DA:18,0
DA:19,0
DA:20,0
DA:21,0
DA:22,0
DA:23,0
DA:24,0
DA:25,0
DA:26,0
DA:27,0
DA:30,0
DA:31,0
DA:32,0
DA:33,0
DA:34,0
DA:35,0
DA:36,0
LF:24
LH:0
end_of_record
SF:lib\core\common\localauth\local_auth.dart
DA:4,0
DA:7,0
DA:9,0
DA:10,0
DA:11,0
DA:14,0
DA:15,0
DA:16,0
LF:8
LH:0
end_of_record
SF:lib\core\common\localauth\local_auth.dart
DA:4,0
DA:7,0
DA:9,0
DA:10,0
DA:11,0
DA:14,0
DA:15,0
DA:16,0
LF:8
LH:0
end_of_record
SF:lib\core\common\notification\notification_services.dart
DA:7,0
DA:8,0
DA:13,0
DA:18,0
DA:19,0
DA:20,0
DA:33,0
DA:35,0
DA:36,0
DA:45,0
DA:50,0
DA:51,0
DA:52,0
DA:68,0
DA:73,0
DA:74,0
DA:75,0
DA:76,0
DA:89,0
DA:91,0
DA:92,0
DA:101,0
DA:102,0
DA:103,0
DA:104,0
DA:117,0
DA:118,0
DA:119,0
LF:28
LH:0
end_of_record
SF:lib\core\common\toast\app_toast.dart
DA:7,0
DA:17,0
DA:19,0
DA:21,0
DA:23,0
DA:31,0
LF:6
LH:0
end_of_record
SF:lib\core\common\websocket\websocket_service.dart
DA:118,0
DA:120,0
DA:122,0
DA:123,0
DA:124,0
DA:126,0
DA:129,0
DA:130,0
DA:131,0
DA:133,0
DA:152,0
DA:154,0
DA:155,0
DA:156,0
DA:157,0
DA:158,0
DA:164,0
DA:166,0
DA:167,0
DA:168,0
DA:170,0
DA:173,0
DA:174,0
DA:178,0
DA:179,0
DA:180,0
DA:182,0
DA:186,0
DA:187,0
DA:188,0
DA:191,0
DA:192,0
DA:193,0
DA:196,0
LF:34
LH:0
end_of_record
SF:lib\core\network\detector_network.dart
DA:10,4
DA:11,2
DA:12,4
DA:23,4
DA:29,4
DA:30,2
DA:32,0
DA:34,2
DA:36,6
DA:38,0
DA:39,0
DA:40,0
DA:42,0
DA:43,0
DA:46,0
DA:49,0
DA:50,0
DA:51,0
DA:56,0
DA:57,0
LF:20
LH:8
end_of_record
SF:lib\feathures\home\presentation\viewmodel\index_view_model.dart
DA:11,0
DA:12,0
DA:13,0
DA:14,0
DA:21,0
DA:23,0
DA:24,0
DA:27,0
DA:28,0
DA:29,0
DA:30,0
DA:31,0
DA:32,0
DA:33,0
DA:35,0
DA:36,0
DA:55,0
DA:56,0
DA:62,0
DA:65,0
DA:66,0
DA:68,0
DA:70,0
DA:71,0
DA:72,0
DA:73,0
DA:74,0
DA:75,0
DA:78,0
DA:79,0
DA:82,0
DA:84,0
DA:85,0
LF:33
LH:0
end_of_record
SF:lib\feathures\splash\presentation\viewmodel\notification_view_model.dart
DA:7,0
DA:8,0
DA:11,0
DA:12,0
DA:13,0
DA:16,0
DA:17,0
DA:18,0
DA:26,0
DA:27,0
DA:29,0
DA:30,0
DA:31,0
DA:33,0
DA:35,0
DA:37,0
DA:40,0
DA:41,0
DA:42,0
DA:44,0
DA:45,0
DA:49,0
DA:50,0
DA:51,0
DA:54,0
DA:55,0
DA:56,0
LF:27
LH:0
end_of_record
SF:lib\core\failure\failure.dart
DA:8,0
DA:9,0
DA:10,0
LF:3
LH:0
end_of_record
SF:lib\feathures\home\data\model\cryptocurrency_hive_model.dart
DA:19,0
DA:26,0
DA:27,0
DA:28,0
DA:29,0
DA:30,0
DA:31,0
DA:35,0
DA:41,0
DA:42,0
DA:44,0
DA:45,0
DA:46,0
DA:47,0
DA:48,0
DA:49,0
DA:53,0
DA:54,0
DA:55,0
DA:56,0
DA:57,0
DA:58,0
DA:62,0
DA:64,0
DA:65,0
DA:66,0
DA:67,0
DA:68,0
DA:70,0
DA:73,0
DA:75,0
DA:76,0
DA:77,0
DA:78,0
DA:79,0
DA:81,0
LF:36
LH:0
end_of_record
SF:lib\feathures\home\data\model\cryptocurrency_hive_model.g.dart
DA:14,0
DA:16,0
DA:17,0
DA:18,0
DA:20,0
DA:21,0
DA:22,0
DA:23,0
DA:24,0
DA:28,0
DA:31,0
DA:32,0
DA:33,0
DA:34,0
DA:35,0
DA:36,0
DA:37,0
DA:38,0
DA:39,0
DA:42,0
DA:43,0
DA:45,0
DA:48,0
DA:49,0
DA:50,0
LF:25
LH:0
end_of_record
SF:lib\feathures\home\data\model\currencyfx_hive_model.dart
DA:18,0
DA:24,0
DA:25,0
DA:26,0
DA:27,0
DA:28,0
DA:29,0
DA:33,0
DA:34,0
DA:35,0
DA:36,0
DA:37,0
DA:38,0
DA:42,0
DA:48,0
DA:49,0
DA:50,0
DA:51,0
DA:52,0
DA:53,0
DA:57,0
DA:58,0
DA:59,0
DA:60,0
DA:61,0
DA:62,0
DA:66,0
DA:68,0
DA:69,0
DA:70,0
DA:71,0
DA:72,0
DA:74,0
DA:76,0
DA:78,0
DA:79,0
DA:80,0
DA:81,0
DA:82,0
DA:84,0
LF:40
LH:0
end_of_record
SF:lib\feathures\home\data\model\currencyfx_hive_model.g.dart
DA:13,0
DA:15,0
DA:16,0
DA:17,0
DA:19,0
DA:20,0
DA:21,0
DA:22,0
DA:23,0
DA:27,0
DA:30,0
DA:31,0
DA:32,0
DA:33,0
DA:34,0
DA:35,0
DA:36,0
DA:37,0
DA:38,0
DA:41,0
DA:42,0
DA:44,0
DA:47,0
DA:48,0
DA:49,0
LF:25
LH:0
end_of_record
SF:lib\feathures\home\data\model\globalmarket_hive_model.g.dart
DA:13,0
DA:15,0
DA:16,0
DA:17,0
DA:19,0
DA:20,0
DA:21,0
DA:22,0
DA:23,0
DA:27,0
DA:30,0
DA:31,0
DA:32,0
DA:33,0
DA:34,0
DA:35,0
DA:36,0
DA:37,0
DA:38,0
DA:41,0
DA:42,0
DA:44,0
DA:47,0
DA:48,0
DA:49,0
LF:25
LH:0
end_of_record
SF:lib\feathures\home\data\model\globalmarket_hive_model.dart
DA:18,0
DA:24,0
DA:25,0
DA:26,0
DA:27,0
DA:28,0
DA:29,0
DA:33,0
DA:34,0
DA:35,0
DA:36,0
DA:37,0
DA:38,0
DA:42,0
DA:43,0
DA:44,0
DA:45,0
DA:46,0
DA:47,0
DA:51,0
DA:52,0
DA:55,0
DA:61,0
DA:62,0
DA:63,0
DA:64,0
DA:65,0
DA:66,0
DA:70,0
DA:73,0
DA:74,0
DA:75,0
DA:76,0
DA:77,0
DA:79,0
LF:35
LH:0
end_of_record
SF:lib\feathures\home\data\model\nrb_banking_local_model.g.dart
DA:13,0
DA:15,0
DA:16,0
DA:17,0
DA:19,0
DA:20,0
DA:21,0
DA:22,0
DA:23,0
DA:24,0
DA:25,0
DA:26,0
DA:28,0
DA:29,0
DA:33,0
DA:36,0
DA:37,0
DA:38,0
DA:39,0
DA:40,0
DA:41,0
DA:42,0
DA:43,0
DA:44,0
DA:45,0
DA:46,0
DA:47,0
DA:48,0
DA:49,0
DA:50,0
DA:51,0
DA:52,0
DA:53,0
DA:54,0
DA:57,0
DA:58,0
DA:60,0
DA:63,0
DA:64,0
DA:65,0
LF:40
LH:0
end_of_record
SF:lib\feathures\home\data\model\nrb_banking_local_model.dart
DA:113,0
DA:125,0
DA:126,0
DA:127,0
DA:128,0
DA:129,0
DA:130,0
DA:131,0
DA:132,0
DA:133,0
DA:134,0
DA:135,0
DA:138,0
DA:139,0
DA:140,0
DA:141,0
DA:142,0
DA:143,0
DA:144,0
DA:145,0
DA:146,0
DA:148,0
DA:149,0
DA:150,0
DA:154,0
DA:155,0
DA:156,0
DA:157,0
DA:158,0
DA:159,0
DA:160,0
DA:161,0
DA:162,0
DA:163,0
DA:165,0
LF:35
LH:0
end_of_record
SF:lib\feathures\home\data\model\nrb_currency_local_model.dart
DA:18,0
DA:25,0
DA:31,0
DA:32,0
DA:33,0
DA:34,0
DA:35,0
DA:36,0
DA:40,0
DA:41,0
DA:42,0
DA:43,0
DA:44,0
DA:46,0
DA:47,0
DA:48,0
DA:49,0
DA:50,0
DA:53,0
DA:54,0
DA:57,0
DA:58,0
LF:22
LH:0
end_of_record
SF:lib\feathures\home\data\model\nrb_currency_local_model.g.dart
DA:13,0
DA:15,0
DA:16,0
DA:17,0
DA:19,0
DA:20,0
DA:21,0
DA:22,0
DA:23,0
DA:27,0
DA:30,0
DA:31,0
DA:32,0
DA:33,0
DA:34,0
DA:35,0
DA:36,0
DA:37,0
DA:38,0
DA:41,0
DA:42,0
DA:44,0
DA:47,0
DA:48,0
DA:49,0
LF:25
LH:0
end_of_record
SF:lib\feathures\home\data\model\nrb_forex_local_data.g.dart
DA:13,0
DA:15,0
DA:16,0
DA:17,0
DA:19,0
DA:20,0
DA:24,0
DA:27,0
DA:28,0
DA:29,0
DA:32,0
DA:33,0
DA:35,0
DA:38,0
DA:39,0
DA:40,0
LF:16
LH:0
end_of_record
SF:lib\feathures\home\data\model\nrb_forex_local_data.dart
DA:13,0
DA:15,0
DA:16,0
DA:17,0
DA:20,0
DA:21,0
DA:22,0
DA:23,0
DA:24,0
DA:27,0
DA:28,0
DA:29,0
DA:30,0
DA:32,0
DA:33,0
DA:36,0
DA:37,0
DA:40,0
DA:41,0
LF:19
LH:0
end_of_record
SF:lib\feathures\home\data\model\topgainers_hive_model.g.dart
DA:13,0
DA:15,0
DA:16,0
DA:17,0
DA:19,0
DA:20,0
DA:21,0
DA:22,0
DA:23,0
DA:24,0
DA:25,0
DA:29,0
DA:32,0
DA:33,0
DA:34,0
DA:35,0
DA:36,0
DA:37,0
DA:38,0
DA:39,0
DA:40,0
DA:41,0
DA:42,0
DA:43,0
DA:44,0
DA:47,0
DA:48,0
DA:50,0
DA:53,0
DA:54,0
DA:55,0
LF:31
LH:0
end_of_record
SF:lib\feathures\home\data\model\topgainers_hive_model.dart
DA:23,0
DA:30,0
DA:32,0
DA:33,0
DA:34,0
DA:35,0
DA:36,0
DA:37,0
DA:38,0
DA:42,0
DA:43,0
DA:44,0
DA:45,0
DA:46,0
DA:47,0
DA:49,0
DA:57,0
DA:58,0
DA:59,0
DA:60,0
DA:61,0
DA:62,0
DA:63,0
DA:67,0
DA:68,0
DA:69,0
DA:70,0
DA:71,0
DA:72,0
DA:73,0
DA:77,0
DA:79,0
DA:80,0
DA:81,0
DA:82,0
DA:83,0
DA:84,0
DA:86,0
DA:89,0
DA:91,0
DA:92,0
DA:93,0
DA:94,0
DA:95,0
DA:96,0
DA:98,0
LF:46
LH:0
end_of_record
SF:lib\feathures\home\data\model\toploosers_hive_model.dart
DA:24,0
DA:31,0
DA:33,0
DA:41,0
DA:42,0
DA:43,0
DA:44,0
DA:45,0
DA:46,0
DA:47,0
DA:51,0
DA:52,0
DA:53,0
DA:54,0
DA:55,0
DA:56,0
DA:59,0
DA:60,0
DA:61,0
DA:62,0
DA:63,0
DA:64,0
DA:65,0
DA:69,0
DA:70,0
DA:71,0
DA:72,0
DA:73,0
DA:74,0
DA:75,0
DA:79,0
DA:81,0
DA:82,0
DA:83,0
DA:84,0
DA:85,0
DA:86,0
DA:88,0
DA:91,0
DA:93,0
DA:94,0
DA:95,0
DA:96,0
DA:97,0
DA:98,0
DA:100,0
LF:46
LH:0
end_of_record
SF:lib\feathures\home\data\model\toploosers_hive_model.g.dart
DA:13,0
DA:15,0
DA:16,0
DA:17,0
DA:19,0
DA:20,0
DA:21,0
DA:22,0
DA:23,0
DA:24,0
DA:25,0
DA:29,0
DA:32,0
DA:33,0
DA:34,0
DA:35,0
DA:36,0
DA:37,0
DA:38,0
DA:39,0
DA:40,0
DA:41,0
DA:42,0
DA:43,0
DA:44,0
DA:47,0
DA:48,0
DA:50,0
DA:53,0
DA:54,0
DA:55,0
LF:31
LH:0
end_of_record
SF:lib\feathures\home\data\model\toptransaction_hive_model.g.dart
DA:14,0
DA:16,0
DA:17,0
DA:18,0
DA:20,0
DA:21,0
DA:22,0
DA:23,0
DA:24,0
DA:25,0
DA:29,0
DA:32,0
DA:33,0
DA:34,0
DA:35,0
DA:36,0
DA:37,0
DA:38,0
DA:39,0
DA:40,0
DA:41,0
DA:42,0
DA:45,0
DA:46,0
DA:48,0
DA:51,0
DA:52,0
DA:53,0
LF:28
LH:0
end_of_record
SF:lib\feathures\home\data\model\toptransaction_hive_model.dart
DA:21,0
DA:27,0
DA:29,0
DA:30,0
DA:31,0
DA:32,0
DA:33,0
DA:34,0
DA:38,0
DA:45,0
DA:46,0
DA:47,0
DA:48,0
DA:49,0
DA:50,0
DA:54,0
DA:55,0
DA:56,0
DA:57,0
DA:58,0
DA:61,0
DA:62,0
DA:63,0
DA:64,0
DA:65,0
DA:66,0
DA:70,0
DA:73,0
DA:74,0
DA:75,0
DA:76,0
DA:77,0
DA:79,0
DA:82,0
DA:85,0
DA:86,0
DA:87,0
DA:88,0
DA:89,0
DA:91,0
LF:40
LH:0
end_of_record
SF:lib\feathures\home\data\model\topturnover_hive_model.g.dart
DA:13,0
DA:15,0
DA:16,0
DA:17,0
DA:19,0
DA:20,0
DA:21,0
DA:22,0
DA:23,0
DA:24,0
DA:28,0
DA:31,0
DA:32,0
DA:33,0
DA:34,0
DA:35,0
DA:36,0
DA:37,0
DA:38,0
DA:39,0
DA:40,0
DA:41,0
DA:44,0
DA:45,0
DA:47,0
DA:50,0
DA:51,0
DA:52,0
LF:28
LH:0
end_of_record
SF:lib\feathures\home\data\model\topturnover_hive_model.dart
DA:21,0
DA:27,0
DA:29,0
DA:30,0
DA:31,0
DA:32,0
DA:33,0
DA:34,0
DA:38,0
DA:45,0
DA:46,0
DA:47,0
DA:48,0
DA:49,0
DA:50,0
DA:54,0
DA:55,0
DA:56,0
DA:57,0
DA:58,0
DA:61,0
DA:62,0
DA:63,0
DA:64,0
DA:65,0
DA:66,0
DA:70,0
DA:72,0
DA:73,0
DA:74,0
DA:75,0
DA:76,0
DA:78,0
DA:81,0
DA:83,0
DA:84,0
DA:85,0
DA:86,0
DA:87,0
DA:89,0
LF:40
LH:0
end_of_record
SF:lib\feathures\home\data\model\topvolume_hive_model.g.dart
DA:13,0
DA:15,0
DA:16,0
DA:17,0
DA:19,0
DA:20,0
DA:21,0
DA:22,0
DA:23,0
DA:24,0
DA:28,0
DA:31,0
DA:32,0
DA:33,0
DA:34,0
DA:35,0
DA:36,0
DA:37,0
DA:38,0
DA:39,0
DA:40,0
DA:41,0
DA:44,0
DA:45,0
DA:47,0
DA:50,0
DA:51,0
DA:52,0
LF:28
LH:0
end_of_record
SF:lib\feathures\home\data\model\topvolume_hive_model.dart
DA:21,0
DA:27,0
DA:29,0
DA:36,0
DA:37,0
DA:38,0
DA:39,0
DA:40,0
DA:41,0
DA:45,0
DA:46,0
DA:47,0
DA:48,0
DA:49,0
DA:50,0
DA:54,0
DA:55,0
DA:56,0
DA:57,0
DA:58,0
DA:61,0
DA:63,0
DA:64,0
DA:65,0
DA:66,0
DA:67,0
DA:69,0
DA:72,0
DA:74,0
DA:75,0
DA:76,0
DA:77,0
DA:78,0
DA:80,0
DA:83,0
DA:85,0
DA:86,0
DA:87,0
DA:88,0
DA:89,0
DA:91,0
LF:41
LH:0
end_of_record
SF:lib\feathures\portfolio\data\model\portfolio_data_local_model.dart
DA:9,0
DA:10,0
DA:40,0
DA:55,0
DA:56,0
DA:70,0
DA:71,0
DA:72,0
DA:73,0
DA:74,0
DA:75,0
DA:76,0
DA:77,0
DA:79,0
DA:80,0
DA:81,0
DA:82,0
DA:83,0
DA:84,0
DA:87,0
DA:88,0
DA:89,0
DA:90,0
DA:91,0
DA:92,0
DA:93,0
DA:94,0
DA:95,0
DA:96,0
DA:97,0
DA:98,0
DA:99,0
DA:101,0
DA:102,0
DA:103,0
DA:104,0
DA:105,0
DA:106,0
DA:107,0
DA:108,0
DA:110,0
DA:111,0
DA:112,0
DA:113,0
DA:114,0
DA:115,0
DA:118,0
DA:119,0
LF:48
LH:0
end_of_record
SF:lib\feathures\portfolio\data\model\portfolio_data_local_model.g.dart
DA:14,0
DA:16,0
DA:17,0
DA:18,0
DA:20,0
DA:21,0
DA:22,0
DA:23,0
DA:24,0
DA:25,0
DA:26,0
DA:27,0
DA:28,0
DA:29,0
DA:30,0
DA:31,0
DA:32,0
DA:36,0
DA:39,0
DA:40,0
DA:41,0
DA:42,0
DA:43,0
DA:44,0
DA:45,0
DA:46,0
DA:47,0
DA:48,0
DA:49,0
DA:50,0
DA:51,0
DA:52,0
DA:53,0
DA:54,0
DA:55,0
DA:56,0
DA:57,0
DA:58,0
DA:59,0
DA:60,0
DA:61,0
DA:62,0
DA:63,0
DA:66,0
DA:67,0
DA:69,0
DA:72,0
DA:73,0
DA:74,0
LF:49
LH:0
end_of_record
SF:lib\feathures\portfolio\data\model\portfolio_hive_model.dart
DA:11,0
DA:12,0
DA:40,0
DA:53,0
DA:54,0
DA:58,0
DA:60,0
DA:68,0
DA:69,0
DA:70,0
DA:71,0
DA:72,0
DA:73,0
DA:75,0
DA:76,0
DA:77,0
DA:78,0
DA:79,0
DA:80,0
DA:83,0
DA:84,0
DA:85,0
DA:86,0
DA:88,0
DA:89,0
DA:90,0
DA:91,0
DA:92,0
DA:93,0
DA:94,0
DA:95,0
DA:96,0
DA:99,0
DA:100,0
DA:101,0
DA:102,0
DA:104,0
DA:105,0
DA:106,0
DA:107,0
DA:108,0
DA:109,0
DA:110,0
DA:111,0
DA:112,0
DA:115,0
DA:117,0
DA:119,0
DA:121,0
LF:49
LH:0
end_of_record
SF:lib\feathures\portfolio\data\model\portfolio_hive_model.g.dart
DA:13,0
DA:15,0
DA:16,0
DA:17,0
DA:19,0
DA:20,0
DA:21,0
DA:22,0
DA:23,0
DA:24,0
DA:25,0
DA:26,0
DA:27,0
DA:28,0
DA:29,0
DA:30,0
DA:34,0
DA:37,0
DA:38,0
DA:39,0
DA:40,0
DA:41,0
DA:42,0
DA:43,0
DA:44,0
DA:45,0
DA:46,0
DA:47,0
DA:48,0
DA:49,0
DA:50,0
DA:51,0
DA:52,0
DA:53,0
DA:54,0
DA:55,0
DA:56,0
DA:57,0
DA:58,0
DA:59,0
DA:62,0
DA:63,0
DA:65,0
DA:68,0
DA:69,0
DA:70,0
LF:46
LH:0
end_of_record
SF:lib\core\network\http\http_service.dart
DA:8,6
DA:9,8
DA:12,10
DA:19,4
DA:21,2
DA:22,4
DA:24,0
DA:27,0
DA:33,2
DA:34,6
DA:37,2
DA:38,2
DA:39,4
DA:40,4
DA:41,4
DA:42,6
DA:43,4
DA:47,4
DA:48,0
DA:49,0
DA:50,0
DA:51,0
DA:55,0
DA:67,0
DA:69,0
DA:70,0
DA:72,0
DA:79,0
LF:28
LH:16
end_of_record
SF:lib\core\utils\string_utils.dart
DA:13,0
DA:68,0
DA:76,0
DA:77,0
DA:83,0
DA:89,0
LF:6
LH:0
end_of_record
SF:lib\feathures\auth\data\data_source\auth_local_data_source.dart
DA:10,0
DA:11,0
DA:12,0
DA:19,0
DA:21,0
DA:24,0
DA:27,0
DA:31,0
DA:35,0
DA:36,0
DA:38,0
DA:40,0
DA:43,0
DA:47,0
DA:49,0
DA:50,0
DA:51,0
DA:53,0
DA:57,0
DA:59,0
DA:62,0
DA:63,0
DA:66,0
DA:67,0
DA:70,0
DA:71,0
DA:74,0
DA:76,0
DA:80,0
DA:82,0
DA:85,0
DA:86,0
DA:90,0
DA:91,0
LF:34
LH:0
end_of_record
SF:lib\feathures\auth\data\data_source\auth_remote_data_source.dart
DA:16,6
DA:17,4
DA:18,4
DA:19,4
DA:22,0
DA:29,2
DA:34,0
DA:37,0
DA:38,0
DA:40,0
DA:41,0
DA:42,0
DA:43,0
DA:44,0
DA:45,0
DA:47,0
DA:48,0
DA:49,0
DA:50,0
DA:54,0
DA:55,0
DA:56,0
DA:58,0
DA:65,0
DA:66,0
DA:68,0
DA:70,0
DA:75,0
DA:76,0
DA:77,0
DA:79,0
DA:80,0
DA:81,0
DA:83,0
DA:84,0
DA:85,0
DA:86,0
DA:88,0
DA:89,0
DA:90,0
DA:95,0
DA:97,0
DA:99,0
DA:101,0
DA:102,0
DA:103,0
DA:104,0
DA:105,0
DA:109,0
DA:110,0
DA:112,0
DA:114,0
DA:116,0
DA:117,0
DA:118,0
DA:119,0
DA:120,0
DA:121,0
DA:122,0
DA:123,0
DA:124,0
DA:127,0
DA:128,0
DA:130,0
DA:131,0
DA:132,0
DA:133,0
DA:136,0
DA:137,0
DA:142,0
DA:143,0
DA:144,0
DA:145,0
DA:148,0
DA:150,0
DA:157,0
DA:158,0
DA:159,0
DA:162,0
DA:165,0
DA:167,0
DA:172,0
DA:174,0
DA:175,0
DA:176,0
DA:177,0
DA:180,0
DA:181,0
DA:188,0
DA:191,0
DA:193,0
DA:198,0
DA:199,0
DA:200,0
DA:201,0
DA:202,0
DA:204,0
DA:205,0
DA:206,0
DA:207,0
DA:210,0
DA:211,0
DA:216,0
DA:217,0
DA:219,0
DA:221,0
DA:227,0
DA:228,0
DA:230,0
DA:231,0
DA:233,0
DA:234,0
DA:235,0
DA:236,0
DA:237,0
DA:247,0
DA:250,0
DA:252,0
DA:259,0
DA:261,0
DA:262,0
DA:263,0
DA:264,0
DA:265,0
DA:267,0
DA:268,0
DA:269,0
DA:272,0
DA:277,0
DA:280,0
DA:282,0
DA:285,0
DA:286,0
DA:288,0
DA:289,0
DA:290,0
DA:291,0
DA:294,0
DA:299,0
DA:301,0
DA:303,0
DA:308,0
DA:309,0
DA:310,0
DA:311,0
DA:312,0
DA:314,0
DA:315,0
DA:318,0
DA:322,0
DA:324,0
DA:326,0
DA:331,0
DA:332,0
DA:333,0
DA:334,0
DA:335,0
DA:336,0
DA:338,0
DA:339,0
DA:340,0
DA:343,0
DA:348,0
DA:352,0
DA:354,0
DA:355,0
DA:356,0
DA:357,0
DA:358,0
DA:361,0
DA:362,0
DA:366,0
DA:367,0
DA:372,0
DA:373,0
DA:377,0
DA:378,0
DA:380,0
DA:382,0
DA:386,0
DA:389,0
DA:391,0
DA:392,0
DA:393,0
DA:394,0
DA:401,0
DA:406,0
DA:407,0
DA:408,0
DA:409,0
DA:410,0
DA:411,0
DA:413,0
DA:414,0
DA:415,0
DA:418,0
LF:196
LH:5
end_of_record
SF:lib\feathures\auth\data\dto\login_auth_dto.dart
DA:12,0
DA:18,0
DA:19,0
DA:21,0
LF:4
LH:0
end_of_record
SF:lib\feathures\auth\data\dto\login_auth_dto.g.dart
DA:9,0
DA:10,0
DA:11,0
DA:12,0
DA:15,0
DA:16,0
DA:17,0
DA:18,0
LF:8
LH:0
end_of_record
SF:lib\feathures\auth\data\model\auth_remote_model.dart
DA:27,0
DA:43,0
DA:44,0
DA:47,0
DA:48,0
DA:51,0
DA:52,0
DA:53,0
DA:54,0
DA:55,0
DA:56,0
DA:57,0
DA:58,0
DA:59,0
DA:60,0
DA:61,0
DA:62,0
DA:63,0
DA:64,0
DA:65,0
DA:69,0
DA:70,0
DA:71,0
DA:72,0
DA:73,0
DA:74,0
DA:75,0
DA:76,0
DA:77,0
DA:78,0
DA:79,0
DA:80,0
DA:81,0
DA:82,0
DA:83,0
DA:85,0
LF:36
LH:0
end_of_record
SF:lib\feathures\auth\data\model\auth_remote_model.g.dart
DA:9,0
DA:10,0
DA:11,0
DA:12,0
DA:13,0
DA:14,0
DA:15,0
DA:16,0
DA:17,0
DA:18,0
DA:19,0
DA:20,0
DA:21,0
DA:22,0
DA:23,0
DA:24,0
DA:25,0
DA:26,0
DA:29,0
DA:30,0
DA:31,0
DA:32,0
DA:33,0
DA:34,0
DA:35,0
DA:36,0
DA:37,0
DA:38,0
DA:39,0
DA:40,0
DA:41,0
DA:42,0
DA:43,0
DA:44,0
LF:34
LH:0
end_of_record
SF:lib\feathures\portfolio\data\model\portfolio_remote_model.dart
DA:9,0
DA:10,0
DA:14,0
DA:16,0
DA:40,0
DA:53,0
DA:54,0
DA:56,0
DA:58,0
DA:59,0
DA:60,0
DA:61,0
DA:62,0
DA:63,0
DA:65,0
DA:66,0
DA:67,0
DA:68,0
DA:69,0
DA:70,0
DA:73,0
DA:74,0
DA:76,0
DA:78,0
DA:79,0
DA:80,0
LF:26
LH:0
end_of_record
SF:lib\feathures\portfolio\data\model\portfolio_remote_model.g.dart
DA:9,0
DA:10,0
DA:11,0
DA:12,0
DA:13,0
DA:14,0
DA:15,0
DA:16,0
DA:17,0
DA:18,0
DA:19,0
DA:20,0
DA:21,0
DA:22,0
DA:23,0
DA:24,0
DA:25,0
DA:28,0
DA:29,0
DA:30,0
DA:31,0
DA:32,0
DA:33,0
DA:34,0
DA:35,0
DA:36,0
DA:37,0
DA:38,0
DA:39,0
DA:40,0
LF:30
LH:0
end_of_record
SF:lib\feathures\auth\data\repository\auth_local_repository_impl.dart
DA:10,0
DA:11,0
DA:12,0
DA:19,0
DA:21,0
DA:24,0
DA:27,0
DA:30,0
DA:33,0
DA:36,0
DA:39,0
DA:41,0
DA:44,0
DA:47,0
DA:50,0
DA:52,0
DA:55,0
DA:57,0
DA:60,0
DA:63,0
DA:66,0
DA:68,0
DA:71,0
DA:74,0
LF:24
LH:0
end_of_record
SF:lib\feathures\auth\domain\repository\auth_repository.dart
DA:11,8
DA:12,4
DA:14,2
DA:15,4
DA:16,0
LF:5
LH:4
end_of_record
SF:lib\feathures\auth\data\repository\auth_remote_repository.dart
DA:10,8
DA:11,2
DA:12,4
DA:18,2
DA:20,0
DA:23,0
DA:26,0
DA:30,0
DA:35,0
DA:38,0
DA:41,0
DA:43,0
DA:46,0
DA:49,0
DA:52,0
DA:54,0
DA:57,0
DA:59,0
DA:62,0
DA:65,0
DA:68,0
DA:70,0
DA:73,0
DA:76,0
LF:24
LH:4
end_of_record
SF:lib\feathures\portfolio\domain\entity\portfolio_entity.dart
DA:10,0
DA:12,0
DA:13,0
DA:31,0
DA:44,0
DA:45,0
DA:46,0
DA:47,0
DA:48,0
DA:49,0
DA:50,0
DA:51,0
DA:52,0
DA:53,0
DA:54,0
DA:55,0
DA:56,0
DA:59,0
DA:60,0
DA:62,0
DA:64,0
DA:66,0
LF:22
LH:0
end_of_record
SF:lib\feathures\portfolio\domain\entity\portfolio_entity.g.dart
DA:9,0
DA:10,0
DA:11,0
DA:12,0
DA:13,0
DA:14,0
DA:15,0
DA:16,0
DA:17,0
DA:18,0
DA:19,0
DA:20,0
DA:21,0
DA:22,0
DA:23,0
DA:24,0
DA:25,0
DA:26,0
DA:27,0
DA:30,0
DA:31,0
DA:32,0
DA:33,0
DA:34,0
DA:35,0
DA:36,0
DA:37,0
DA:38,0
DA:39,0
DA:40,0
DA:41,0
DA:42,0
LF:32
LH:0
end_of_record
SF:lib\feathures\auth\domain\usecase\add_user_usecase.dart
DA:7,6
DA:8,8
DA:13,2
DA:15,0
DA:16,0
LF:5
LH:3
end_of_record
SF:lib\feathures\auth\domain\usecase\delete_user_usecase.dart
DA:7,8
DA:8,2
DA:9,4
DA:10,4
DA:15,2
DA:18,0
DA:19,0
DA:20,0
DA:21,0
DA:22,0
DA:23,0
DA:24,0
DA:25,0
DA:26,0
DA:27,0
DA:28,0
DA:29,0
LF:17
LH:5
end_of_record
SF:lib\feathures\auth\domain\usecase\forget_user_usecase.dart
DA:7,8
DA:8,2
DA:9,4
DA:10,4
DA:16,2
DA:19,0
DA:20,0
DA:21,0
LF:8
LH:5
end_of_record
SF:lib\feathures\auth\domain\usecase\get_fingerprint_usecase.dart
DA:5,8
DA:6,2
DA:7,4
DA:8,4
DA:14,2
DA:17,1
DA:18,2
LF:7
LH:7
end_of_record
SF:lib\feathures\auth\domain\usecase\get_user_usecase.dart
DA:8,6
DA:9,4
DA:10,4
DA:11,4
DA:19,2
DA:21,0
DA:22,0
DA:24,0
DA:26,0
DA:27,0
DA:28,0
DA:29,0
DA:30,0
DA:31,0
DA:33,0
LF:15
LH:5
end_of_record
SF:lib\feathures\auth\domain\usecase\login_user_usecase.dart
DA:9,6
DA:10,4
DA:11,4
DA:12,4
DA:13,4
DA:21,2
DA:34,0
DA:37,0
DA:38,0
DA:39,0
DA:40,0
DA:41,0
DA:42,0
DA:43,0
DA:44,0
DA:45,0
DA:46,0
DA:47,0
DA:49,0
LF:19
LH:6
end_of_record
SF:lib\feathures\auth\domain\usecase\logout_user_usecase.dart
DA:7,6
DA:8,4
DA:9,4
DA:10,4
DA:18,2
DA:21,0
DA:23,0
DA:24,0
DA:25,0
DA:26,0
DA:27,0
DA:28,0
DA:30,0
DA:32,0
LF:14
LH:5
end_of_record
SF:lib\feathures\auth\domain\usecase\resendotp_user_usecase.dart
DA:6,6
DA:7,4
DA:8,4
DA:13,2
DA:15,0
DA:16,0
LF:6
LH:4
end_of_record
SF:lib\feathures\auth\domain\usecase\savestyle_user_usecase.dart
DA:8,8
DA:9,2
DA:10,4
DA:11,4
DA:17,2
DA:20,0
DA:22,0
DA:23,0
LF:8
LH:5
end_of_record
SF:lib\feathures\auth\domain\usecase\update_picture_usecase.dart
DA:9,8
DA:10,6
DA:15,2
DA:17,0
DA:19,0
LF:5
LH:3
end_of_record
SF:lib\feathures\auth\domain\usecase\update_user_usecase.dart
DA:7,8
DA:8,6
DA:12,2
DA:14,0
DA:16,0
LF:5
LH:3
end_of_record
SF:lib\feathures\auth\domain\usecase\verifyotp_user_usecase.dart
DA:6,8
DA:7,6
DA:12,2
DA:14,0
DA:15,0
LF:5
LH:3
end_of_record
SF:lib\feathures\auth\presentation\pages\forget_widget.dart
DA:23,0
DA:24,0
DA:26,0
DA:27,0
DA:28,0
DA:31,0
DA:32,0
DA:33,0
DA:37,0
DA:38,0
DA:39,0
DA:43,2
DA:45,0
DA:46,0
DA:55,0
DA:57,0
DA:58,0
DA:61,0
DA:62,0
DA:63,0
DA:65,0
DA:69,0
DA:70,0
DA:71,0
DA:74,0
DA:78,0
DA:80,0
DA:81,0
DA:82,0
DA:83,0
DA:84,0
DA:86,0
DA:87,0
DA:88,0
DA:89,0
DA:90,0
DA:92,0
DA:93,0
DA:94,0
DA:97,0
DA:98,0
DA:100,0
DA:106,0
DA:108,0
DA:117,0
DA:119,0
DA:124,0
DA:125,0
DA:128,0
DA:129,0
DA:131,0
DA:141,0
DA:142,0
DA:143,0
DA:145,0
DA:146,0
DA:151,0
DA:152,0
DA:154,0
DA:155,0
DA:161,0
DA:162,0
DA:163,0
DA:165,0
DA:176,0
DA:177,0
DA:178,0
DA:180,0
DA:189,0
DA:190,0
DA:191,0
DA:192,0
DA:194,0
DA:200,0
DA:201,0
DA:202,0
DA:209,0
DA:210,0
DA:211,0
DA:212,0
DA:216,0
DA:217,0
DA:218,0
DA:219,0
DA:220,0
DA:222,0
DA:223,0
DA:226,0
DA:227,0
DA:228,0
DA:229,0
DA:230,0
DA:231,0
DA:232,0
DA:234,0
DA:236,0
DA:237,0
DA:240,0
DA:243,0
DA:244,0
DA:245,0
DA:246,0
DA:249,0
DA:250,0
DA:251,0
DA:252,0
DA:253,0
DA:255,0
DA:257,0
DA:258,0
DA:259,0
DA:260,0
DA:261,0
DA:263,0
DA:264,0
DA:266,0
DA:268,0
DA:269,0
DA:271,0
DA:272,0
DA:279,0
DA:281,0
DA:282,0
DA:284,0
DA:288,0
DA:294,0
DA:295,0
DA:296,0
DA:297,0
DA:300,0
DA:301,0
DA:302,0
DA:303,0
DA:305,0
DA:308,0
DA:310,0
DA:316,0
DA:318,0
DA:323,0
DA:324,0
DA:325,0
DA:328,0
DA:330,0
LF:143
LH:1
end_of_record
SF:lib\feathures\auth\presentation\view_model\auth_view_model.dart
DA:31,6
DA:32,4
DA:33,4
DA:34,4
DA:35,4
DA:36,4
DA:37,4
DA:38,4
DA:39,4
DA:40,4
DA:41,4
DA:42,4
DA:43,4
DA:44,4
DA:62,2
DA:75,4
DA:77,0
DA:79,0
DA:80,0
DA:81,0
DA:82,0
DA:83,0
DA:84,0
DA:86,0
DA:87,0
DA:88,0
DA:89,0
DA:94,0
DA:95,0
DA:96,0
DA:97,0
DA:101,0
DA:102,0
DA:103,0
DA:105,0
DA:106,0
DA:107,0
DA:108,0
DA:109,0
DA:112,0
DA:113,0
DA:116,0
DA:117,0
DA:118,0
DA:122,0
DA:123,0
DA:127,1
DA:128,2
DA:132,0
DA:133,0
DA:134,0
DA:135,0
DA:136,0
DA:137,0
DA:139,0
DA:142,0
DA:143,0
DA:144,0
DA:149,0
DA:151,0
DA:153,0
DA:154,0
DA:155,0
DA:156,0
DA:157,0
DA:160,0
DA:161,0
DA:163,0
DA:166,0
DA:172,0
DA:173,0
DA:174,0
DA:175,0
DA:176,0
DA:177,0
DA:178,0
DA:180,0
DA:181,0
DA:186,0
DA:187,0
DA:188,0
DA:191,0
DA:193,0
DA:194,0
DA:195,0
DA:196,0
DA:197,0
DA:198,0
DA:200,0
DA:201,0
DA:202,0
DA:205,0
DA:210,0
DA:211,0
DA:212,0
DA:213,0
DA:214,0
DA:215,0
DA:216,0
DA:218,0
DA:219,0
DA:224,0
DA:225,0
DA:226,0
DA:229,0
DA:230,0
DA:231,0
DA:232,0
DA:233,0
DA:235,0
DA:237,0
DA:238,0
DA:243,0
DA:244,0
DA:245,0
DA:246,0
DA:247,0
DA:248,0
DA:249,0
DA:250,0
DA:252,0
DA:253,0
DA:261,0
DA:262,0
DA:264,0
DA:265,0
DA:267,0
DA:268,0
DA:273,0
DA:274,0
DA:275,0
DA:276,0
DA:277,0
DA:278,0
DA:279,0
DA:281,0
DA:282,0
DA:283,0
DA:284,0
DA:289,0
DA:290,0
DA:291,0
DA:293,0
DA:294,0
DA:296,0
DA:297,0
DA:298,0
DA:299,0
DA:301,0
DA:302,0
DA:309,0
DA:310,0
DA:312,0
LF:153
LH:18
end_of_record
SF:lib\feathures\auth\presentation\widget\auth_appbar.dart
DA:5,4
DA:8,2
DA:10,0
DA:12,0
DA:14,0
DA:17,0
DA:18,0
DA:19,0
DA:20,0
DA:32,0
LF:10
LH:2
end_of_record
SF:lib\feathures\auth\presentation\widget\auth_textbox_widgets.dart
DA:88,2
DA:94,2
DA:97,2
DA:102,2
DA:103,2
DA:108,2
DA:109,2
DA:114,2
DA:115,2
DA:118,2
DA:119,2
DA:122,2
DA:129,2
DA:130,2
LF:14
LH:14
end_of_record
SF:lib\feathures\auth\presentation\widget\input_controllers.dart
DA:5,8
DA:6,8
DA:8,4
DA:9,2
DA:10,4
DA:13,0
DA:14,0
DA:17,4
DA:18,2
DA:19,4
DA:21,2
DA:22,1
DA:23,2
DA:25,3
DA:26,2
DA:29,0
DA:30,0
DA:31,0
DA:34,0
DA:35,0
DA:36,0
DA:39,0
DA:40,0
DA:41,0
DA:44,0
DA:45,0
DA:46,0
DA:49,0
DA:51,0
DA:52,0
LF:30
LH:13
end_of_record
SF:lib\feathures\auth\presentation\widget\password_success.dart
DA:13,0
DA:15,0
DA:17,0
DA:18,0
DA:19,0
DA:23,0
DA:27,0
DA:28,0
DA:29,0
DA:30,0
DA:31,0
DA:32,0
DA:34,0
DA:37,0
DA:39,0
DA:41,0
DA:42,0
DA:62,0
DA:63,0
DA:65,0
DA:66,0
DA:69,0
DA:70,0
DA:71,0
DA:72,0
DA:73,0
DA:74,0
DA:77,0
DA:79,0
LF:29
LH:0
end_of_record
SF:lib\feathures\common\button_circular_loading.dart
DA:4,42
DA:6,0
LF:2
LH:1
end_of_record
SF:lib\feathures\auth\presentation\pages\otp_widget.dart
DA:14,2
DA:16,0
DA:17,0
DA:23,0
DA:25,0
DA:26,0
DA:28,0
DA:30,0
DA:32,0
DA:33,0
DA:34,0
DA:43,0
DA:44,0
DA:45,0
DA:48,0
DA:49,0
DA:51,0
DA:52,0
DA:54,0
DA:60,0
DA:62,0
DA:67,0
DA:68,0
DA:70,0
DA:73,0
DA:76,0
DA:77,0
DA:78,0
DA:79,0
DA:80,0
DA:81,0
DA:83,0
DA:84,0
DA:85,0
DA:86,0
DA:87,0
DA:90,0
DA:91,0
DA:92,0
DA:94,0
DA:97,0
DA:101,0
DA:102,0
DA:106,0
DA:107,0
DA:108,0
DA:109,0
DA:110,0
DA:111,0
DA:113,0
DA:118,0
DA:119,0
DA:120,0
DA:121,0
DA:122,0
DA:124,0
DA:126,0
LF:57
LH:1
end_of_record
SF:lib\feathures\auth\presentation\pages\signup_widget.dart
DA:17,3
DA:19,1
DA:20,1
DA:27,1
DA:29,2
DA:30,1
DA:33,0
DA:34,0
DA:35,0
DA:37,0
DA:41,0
DA:42,0
DA:43,0
DA:46,0
DA:50,0
DA:51,0
DA:52,0
DA:54,0
DA:58,0
DA:59,0
DA:60,0
DA:62,0
DA:66,1
DA:68,3
DA:69,3
DA:70,3
DA:71,3
DA:72,3
DA:73,3
DA:74,3
DA:76,1
DA:77,1
DA:78,1
DA:79,1
DA:80,1
DA:82,1
DA:83,1
DA:84,1
DA:87,1
DA:88,1
DA:90,1
DA:96,1
DA:98,1
DA:107,1
DA:109,1
DA:117,0
DA:118,0
DA:119,0
DA:120,0
DA:122,1
DA:132,1
DA:134,1
DA:142,0
DA:143,0
DA:144,0
DA:145,0
DA:147,1
DA:157,1
DA:159,1
DA:165,0
DA:166,0
DA:169,0
DA:170,0
DA:172,1
DA:182,1
DA:184,1
DA:193,0
DA:194,0
DA:195,0
DA:196,0
DA:198,1
DA:204,0
DA:205,0
DA:206,0
DA:212,1
DA:214,1
DA:215,1
DA:216,1
DA:217,1
DA:218,1
DA:220,1
DA:224,0
DA:225,0
DA:229,1
DA:231,1
DA:241,1
DA:243,1
DA:244,1
DA:245,1
DA:246,1
DA:248,1
DA:250,1
DA:251,1
DA:254,0
DA:255,0
DA:256,0
DA:257,0
DA:258,0
DA:259,0
DA:262,0
DA:263,0
DA:266,0
DA:270,1
DA:302,1
DA:303,1
DA:304,1
DA:307,1
DA:309,1
DA:312,1
DA:313,1
DA:316,1
DA:321,1
DA:322,1
DA:323,1
DA:324,3
DA:325,1
DA:326,5
DA:329,1
DA:332,1
LF:119
LH:73
end_of_record
SF:lib\feathures\auth\presentation\pages\style_widget.dart
DA:12,2
DA:14,0
DA:15,0
DA:22,0
DA:24,0
DA:25,0
DA:26,0
DA:27,0
DA:28,0
DA:29,0
DA:31,0
DA:32,0
DA:33,0
DA:36,0
DA:37,0
DA:39,0
DA:46,0
DA:48,0
DA:55,0
DA:56,0
DA:57,0
DA:58,0
DA:59,0
DA:61,0
DA:64,0
DA:68,0
DA:69,0
DA:70,0
DA:74,0
DA:75,0
DA:77,0
DA:80,0
DA:84,0
DA:85,0
DA:86,0
DA:90,0
DA:91,0
DA:93,0
DA:96,0
DA:100,0
DA:101,0
DA:102,0
DA:106,0
DA:107,0
DA:109,0
DA:112,0
DA:116,0
DA:117,0
DA:118,0
DA:124,0
DA:125,0
DA:126,0
DA:127,0
DA:128,0
DA:131,0
DA:132,0
DA:133,0
DA:134,0
DA:135,0
DA:136,0
DA:139,0
DA:140,0
DA:143,0
DA:144,0
DA:145,0
DA:146,0
DA:148,0
DA:150,0
DA:157,0
DA:158,0
DA:159,0
DA:160,0
DA:161,0
DA:162,0
DA:164,0
DA:165,0
DA:168,0
DA:169,0
DA:170,0
DA:171,0
DA:172,0
DA:174,0
DA:175,0
DA:177,0
DA:180,0
DA:183,0
DA:185,0
LF:87
LH:1
end_of_record
SF:lib\feathures\auth\presentation\state\before_auth_state.dart
DA:6,2
DA:12,4
DA:18,0
DA:19,0
DA:26,0
DA:28,0
DA:29,0
DA:30,0
DA:31,0
DA:34,0
DA:35,0
LF:11
LH:2
end_of_record
SF:lib\feathures\auth\presentation\widget\auth_headers_widget.dart
DA:6,2
DA:8,0
DA:10,0
DA:11,0
DA:12,0
DA:13,0
LF:6
LH:1
end_of_record
SF:lib\feathures\auth\presentation\widget\auth_widgets.dart
DA:11,2
DA:13,0
DA:15,0
DA:18,0
DA:20,0
DA:22,0
DA:24,0
DA:26,0
LF:8
LH:1
end_of_record
SF:lib\feathures\auth\presentation\widget\change_theme_dialog.dart
DA:7,2
DA:9,0
DA:11,0
DA:13,0
DA:15,0
DA:17,0
DA:18,0
DA:21,0
DA:22,0
DA:23,0
DA:24,0
DA:27,0
DA:30,0
DA:31,0
DA:32,0
DA:33,0
DA:36,0
DA:39,0
DA:40,0
DA:41,0
DA:42,0
LF:21
LH:1
end_of_record
SF:lib\feathures\auth\presentation\widget\delete_account_dialog.dart
DA:9,2
DA:11,0
DA:13,0
DA:15,0
DA:19,0
DA:21,0
DA:23,0
DA:26,0
DA:28,0
DA:29,0
DA:32,0
DA:36,0
DA:37,0
DA:46,0
DA:47,0
DA:48,0
DA:49,0
DA:50,0
DA:51,0
DA:53,0
DA:58,0
DA:59,0
DA:60,0
DA:61,0
LF:24
LH:1
end_of_record
SF:lib\feathures\auth\presentation\widget\emailchange_dialog.dart
DA:13,2
DA:17,0
DA:19,0
DA:20,0
DA:21,0
DA:22,0
DA:24,0
DA:26,0
DA:28,0
DA:31,0
DA:32,0
DA:33,0
DA:34,0
DA:39,0
DA:40,0
DA:50,0
DA:51,0
DA:52,0
DA:53,0
DA:54,0
DA:57,0
DA:58,0
DA:60,0
DA:61,0
DA:62,0
DA:63,0
DA:68,0
DA:72,0
DA:73,0
DA:74,0
DA:75,0
LF:31
LH:1
end_of_record
SF:lib\feathures\auth\presentation\widget\fingetprint_dialog.dart
DA:8,0
DA:10,0
DA:11,0
DA:17,0
DA:19,0
DA:20,0
DA:23,0
DA:24,0
DA:25,0
DA:28,0
DA:30,0
DA:32,0
DA:34,0
DA:35,0
DA:37,0
DA:38,0
DA:39,0
DA:40,0
DA:41,0
DA:44,0
DA:46,0
LF:21
LH:0
end_of_record
SF:lib\feathures\auth\presentation\widget\logout_dialog.dart
DA:8,6
DA:10,0
DA:12,0
DA:14,0
DA:15,0
DA:16,0
DA:17,0
DA:21,0
DA:22,0
DA:23,0
LF:10
LH:1
end_of_record
SF:lib\feathures\auth\presentation\widget\namechange_dialog.dart
DA:12,2
DA:14,0
DA:16,0
DA:17,0
DA:18,0
DA:19,0
DA:23,0
DA:25,0
DA:27,0
DA:30,0
DA:31,0
DA:32,0
DA:33,0
DA:36,0
DA:38,0
DA:39,0
DA:40,0
DA:48,0
DA:49,0
DA:50,0
DA:51,0
DA:52,0
DA:54,0
DA:55,0
DA:58,0
DA:59,0
DA:60,0
DA:61,0
DA:68,0
DA:69,0
DA:70,0
DA:71,0
DA:72,0
LF:33
LH:1
end_of_record
SF:lib\feathures\auth\presentation\widget\password_change.dart
DA:12,2
DA:16,0
DA:18,0
DA:20,0
DA:21,0
DA:22,0
DA:25,0
DA:27,0
DA:29,0
DA:32,0
DA:34,0
DA:35,0
DA:41,0
DA:44,0
DA:53,0
DA:54,0
DA:55,0
DA:56,0
DA:57,0
DA:58,0
DA:60,0
DA:61,0
DA:63,0
DA:64,0
DA:65,0
DA:66,0
DA:72,0
DA:74,0
DA:75,0
DA:76,0
DA:77,0
LF:31
LH:1
end_of_record
SF:lib\feathures\auth\presentation\widget\phone_change_dialog.dart
DA:11,2
DA:13,0
DA:16,0
DA:18,0
DA:19,0
DA:20,0
DA:22,0
DA:24,0
DA:26,0
DA:29,0
DA:30,0
DA:31,0
DA:33,0
DA:34,0
DA:40,0
DA:42,0
DA:43,0
DA:44,0
DA:53,0
DA:54,0
DA:55,0
DA:56,0
DA:57,0
DA:59,0
DA:60,0
DA:62,0
DA:63,0
DA:64,0
DA:65,0
DA:69,0
DA:71,0
DA:72,0
DA:73,0
DA:74,0
LF:34
LH:1
end_of_record
SF:lib\feathures\auth\presentation\widget\shake_logout.dart
DA:7,0
DA:9,0
DA:10,0
DA:16,0
DA:18,0
DA:19,0
DA:22,0
DA:23,0
DA:24,0
DA:27,0
DA:29,0
DA:31,0
DA:33,0
DA:34,0
DA:36,0
DA:37,0
DA:38,0
DA:39,0
DA:40,0
DA:43,0
DA:45,0
LF:21
LH:0
end_of_record
SF:lib\feathures\auth\presentation\widget\stylechange_dialog.dart
DA:12,2
DA:16,0
DA:18,0
DA:19,0
DA:20,0
DA:21,0
DA:23,0
DA:25,0
DA:27,0
DA:30,0
DA:31,0
DA:32,0
DA:33,0
DA:34,0
DA:35,0
DA:36,0
DA:37,0
DA:61,0
DA:62,0
DA:63,0
DA:64,0
DA:66,0
DA:67,0
DA:69,0
DA:70,0
DA:71,0
DA:72,0
DA:77,0
DA:79,0
DA:80,0
DA:81,0
DA:82,0
LF:32
LH:1
end_of_record
SF:lib\feathures\auth\presentation\widget\subscription_dialog.dart
DA:14,2
DA:16,0
DA:18,0
DA:25,0
DA:27,0
DA:28,0
DA:29,0
DA:31,0
DA:32,0
DA:35,0
DA:36,0
DA:37,0
DA:38,0
DA:40,0
DA:41,0
DA:42,0
DA:51,0
DA:53,0
DA:55,0
DA:58,0
DA:60,0
DA:61,0
DA:62,0
DA:63,0
DA:65,0
DA:66,0
DA:67,0
DA:68,0
DA:75,0
DA:76,0
DA:77,0
DA:79,0
DA:80,0
DA:81,0
DA:82,0
DA:92,0
DA:93,0
DA:94,0
DA:95,0
DA:98,0
DA:100,0
DA:101,0
DA:103,0
DA:104,0
DA:105,0
DA:106,0
DA:108,0
DA:109,0
DA:110,0
DA:112,0
DA:113,0
DA:116,0
DA:121,0
DA:122,0
DA:125,0
DA:131,0
DA:139,0
DA:141,0
DA:142,0
DA:143,0
LF:60
LH:1
end_of_record
SF:lib\feathures\common\animated_page_transition.dart
DA:6,0
DA:7,0
DA:8,0
DA:9,0
DA:10,0
DA:11,0
DA:15,0
DA:21,0
LF:8
LH:0
end_of_record
SF:lib\feathures\home\presentation\widget\about_us.dart
DA:9,2
DA:11,0
DA:13,0
DA:16,0
DA:17,0
DA:18,0
DA:19,0
DA:22,0
DA:29,0
DA:34,0
DA:36,0
DA:41,0
DA:43,0
DA:48,0
DA:50,0
DA:55,0
DA:58,0
DA:63,0
DA:65,0
DA:70,0
DA:72,0
DA:77,0
DA:80,0
DA:85,0
DA:87,0
DA:92,0
DA:98,0
DA:99,0
DA:100,0
DA:101,0
DA:109,0
DA:114,0
DA:116,0
DA:117,0
DA:118,0
DA:121,0
DA:124,0
DA:125,0
DA:127,0
DA:128,0
DA:144,0
DA:145,0
DA:149,0
DA:152,0
DA:153,0
DA:157,0
DA:160,0
DA:161,0
DA:163,0
LF:49
LH:1
end_of_record
SF:lib\feathures\home\presentation\widget\data_decode.dart
DA:3,0
DA:5,0
DA:7,0
DA:9,0
DA:11,0
DA:18,0
DA:20,0
DA:22,0
DA:24,0
DA:26,0
LF:10
LH:0
end_of_record
SF:lib\feathures\home\presentation\widget\data_sources.dart
DA:4,2
DA:6,0
DA:8,0
DA:43,0
DA:44,0
DA:45,0
DA:46,0
LF:7
LH:1
end_of_record
SF:lib\feathures\portfolio\presentation\state\portfolio_state.dart
DA:11,0
DA:18,0
DA:22,0
DA:38,0
DA:44,0
DA:45,0
DA:46,0
DA:47,0
DA:48,0
DA:49,0
DA:52,0
DA:53,0
DA:56,0
DA:57,0
LF:14
LH:0
end_of_record
SF:lib\feathures\portfolio\presentation\view_model\portfolio_view_model.dart
DA:11,0
DA:12,0
DA:13,0
DA:14,0
DA:15,0
DA:16,0
DA:17,0
DA:19,0
DA:21,0
DA:32,0
DA:39,0
DA:40,0
DA:43,0
DA:44,0
DA:45,0
DA:46,0
DA:47,0
DA:48,0
DA:49,0
DA:51,0
DA:52,0
DA:55,0
DA:56,0
DA:61,0
DA:63,0
DA:66,0
DA:68,0
DA:69,0
DA:70,0
DA:71,0
DA:72,0
DA:74,0
DA:75,0
DA:79,0
DA:80,0
DA:88,0
DA:89,0
DA:90,0
DA:91,0
DA:92,0
DA:93,0
DA:94,0
DA:95,0
DA:97,0
DA:98,0
DA:102,0
DA:103,0
DA:108,0
DA:109,0
DA:110,0
DA:111,0
DA:112,0
DA:113,0
DA:114,0
DA:116,0
DA:117,0
DA:118,0
DA:122,0
DA:123,0
DA:128,0
DA:130,0
DA:131,0
DA:133,0
DA:134,0
DA:135,0
DA:136,0
DA:138,0
DA:139,0
DA:143,0
DA:144,0
DA:149,0
DA:151,0
DA:152,0
DA:154,0
DA:155,0
DA:156,0
DA:157,0
DA:159,0
DA:160,0
DA:164,0
DA:165,0
LF:81
LH:0
end_of_record
SF:lib\feathures\watchlist\presentation\state\watchlist_state.dart
DA:9,0
DA:16,0
DA:17,0
DA:18,0
DA:25,0
DA:31,0
DA:32,0
DA:33,0
DA:34,0
DA:35,0
DA:39,0
DA:40,0
DA:43,0
DA:44,0
DA:47,0
DA:48,0
DA:51,0
DA:53,0
DA:54,0
LF:19
LH:0
end_of_record
SF:lib\feathures\watchlist\presentation\viewmodel\watchlist_viewmodel.dart
DA:10,0
DA:11,0
DA:12,0
DA:13,0
DA:14,0
DA:15,0
DA:16,0
DA:17,0
DA:19,0
DA:30,0
DA:37,0
DA:38,0
DA:41,0
DA:42,0
DA:43,0
DA:44,0
DA:45,0
DA:46,0
DA:47,0
DA:49,0
DA:50,0
DA:59,0
DA:60,0
DA:61,0
DA:62,0
DA:63,0
DA:64,0
DA:65,0
DA:67,0
DA:68,0
DA:77,0
DA:78,0
DA:79,0
DA:80,0
DA:81,0
DA:82,0
DA:83,0
DA:85,0
DA:86,0
DA:95,0
DA:96,0
DA:98,0
DA:99,0
DA:100,0
DA:101,0
DA:102,0
DA:104,0
DA:105,0
DA:114,0
DA:115,0
DA:117,0
DA:118,0
DA:119,0
DA:120,0
DA:121,0
DA:123,0
DA:124,0
DA:133,0
DA:135,0
DA:136,0
DA:138,0
DA:139,0
DA:140,0
DA:141,0
DA:143,0
DA:144,0
LF:66
LH:0
end_of_record
SF:lib\feathures\common\connection_restored.dart
DA:7,2
DA:9,0
DA:11,0
DA:13,0
DA:15,0
DA:16,0
DA:18,0
DA:19,0
DA:21,0
DA:22,0
DA:24,0
DA:25,0
DA:27,0
DA:37,0
DA:47,0
DA:48,0
DA:49,0
DA:50,0
DA:52,0
DA:53,0
DA:54,0
DA:55,0
DA:56,0
DA:57,0
DA:58,0
DA:59,0
DA:60,0
LF:27
LH:1
end_of_record
SF:lib\feathures\common\image_loader.dart
DA:4,0
DA:5,0
DA:6,0
DA:11,0
DA:16,0
DA:17,0
DA:19,0
DA:20,0
DA:21,0
DA:27,0
LF:10
LH:0
end_of_record
SF:lib\feathures\common\loading_indicator.dart
DA:14,18
DA:23,0
DA:25,0
DA:27,0
DA:28,0
DA:29,0
DA:30,0
DA:32,0
DA:33,0
DA:34,0
DA:35,0
DA:36,0
DA:37,0
DA:38,0
DA:39,0
DA:40,0
LF:16
LH:1
end_of_record
SF:lib\feathures\common\no_connection.dart
DA:7,2
DA:9,0
DA:11,0
DA:13,0
DA:15,0
DA:16,0
DA:18,0
DA:19,0
DA:21,0
DA:22,0
DA:24,0
DA:25,0
DA:27,0
DA:37,0
DA:47,0
DA:48,0
DA:49,0
DA:50,0
DA:52,0
DA:53,0
DA:54,0
DA:55,0
DA:56,0
DA:57,0
DA:58,0
DA:59,0
DA:60,0
LF:27
LH:1
end_of_record
SF:lib\feathures\home\data\data_source\categories_hive_data_source.dart
DA:8,0
DA:9,0
DA:10,0
DA:17,0
DA:19,0
DA:20,0
DA:21,0
DA:24,0
DA:28,0
DA:31,0
DA:33,0
DA:36,0
LF:12
LH:0
end_of_record
SF:lib\feathures\home\data\data_source\categories_remote_data_source.dart
DA:12,0
DA:13,0
DA:14,0
DA:15,0
DA:16,0
DA:25,0
DA:28,0
DA:31,0
DA:32,0
DA:34,0
DA:36,0
DA:39,0
DA:41,0
DA:43,0
DA:44,0
DA:46,0
DA:50,0
DA:51,0
DA:52,0
DA:53,0
DA:54,0
LF:21
LH:0
end_of_record
SF:lib\feathures\home\data\dto\categories_remote_dto.dart
DA:14,0
DA:21,0
DA:22,0
DA:23,0
DA:24,0
DA:25,0
DA:26,0
LF:7
LH:0
end_of_record
SF:lib\feathures\home\data\dto\categories_remote_dto.g.dart
DA:11,0
DA:12,0
DA:13,0
DA:14,0
DA:15,0
DA:16,0
DA:17,0
DA:18,0
DA:21,0
DA:22,0
DA:23,0
DA:24,0
DA:25,0
DA:26,0
LF:14
LH:0
end_of_record
SF:lib\feathures\home\data\model\categories_remote_model.dart
DA:12,0
DA:13,0
DA:14,0
DA:15,0
DA:16,0
DA:17,0
DA:18,0
DA:19,0
DA:31,0
DA:39,0
DA:40,0
DA:41,0
DA:42,0
DA:43,0
DA:44,0
DA:47,0
DA:48,0
DA:50,0
DA:52,0
DA:53,0
DA:54,0
DA:56,0
DA:57,0
DA:58,0
DA:62,0
DA:64,0
DA:65,0
DA:67,0
LF:28
LH:0
end_of_record
SF:lib\feathures\home\data\model\categories_remote_model.g.dart
DA:11,0
DA:13,0
DA:14,0
DA:15,0
DA:16,0
DA:17,0
DA:18,0
DA:19,0
DA:20,0
DA:21,0
DA:22,0
DA:23,0
DA:24,0
DA:25,0
DA:26,0
DA:27,0
DA:28,0
DA:29,0
DA:30,0
DA:33,0
DA:35,0
DA:36,0
DA:37,0
DA:38,0
DA:39,0
DA:40,0
LF:26
LH:0
end_of_record
SF:lib\feathures\home\data\data_source\commodity_hive_data_source.dart
DA:8,0
DA:9,0
DA:10,0
DA:11,0
DA:12,0
DA:19,0
DA:21,0
DA:23,0
DA:24,0
DA:25,0
DA:27,0
LF:11
LH:0
end_of_record
SF:lib\feathures\home\data\data_source\commodity_remote_data_source.dart
DA:11,0
DA:12,0
DA:13,0
DA:14,0
DA:22,0
DA:24,0
DA:26,0
DA:28,0
DA:29,0
DA:31,0
DA:33,0
DA:35,0
DA:36,0
DA:38,0
DA:42,0
DA:43,0
DA:44,0
DA:45,0
DA:46,0
LF:19
LH:0
end_of_record
SF:lib\feathures\home\data\dto\commodity_remote_dto.dart
DA:14,0
DA:21,0
DA:22,0
DA:24,0
LF:4
LH:0
end_of_record
SF:lib\feathures\home\data\dto\commodity_remote_dto.g.dart
DA:9,0
DA:10,0
DA:11,0
DA:12,0
DA:13,0
DA:14,0
DA:15,0
DA:16,0
DA:19,0
DA:20,0
DA:21,0
DA:22,0
DA:23,0
DA:24,0
LF:14
LH:0
end_of_record
SF:lib\feathures\home\data\model\commodity_remote_model.dart
DA:7,0
DA:8,0
DA:27,0
DA:36,0
DA:37,0
DA:39,0
DA:41,0
DA:42,0
DA:43,0
DA:44,0
DA:45,0
DA:46,0
DA:47,0
DA:49,0
DA:50,0
LF:15
LH:0
end_of_record
SF:lib\feathures\home\data\model\commodity_remote_model.g.dart
DA:9,0
DA:11,0
DA:12,0
DA:13,0
DA:14,0
DA:15,0
DA:16,0
DA:17,0
DA:20,0
DA:22,0
DA:23,0
DA:24,0
DA:25,0
DA:26,0
DA:27,0
DA:28,0
LF:16
LH:0
end_of_record
SF:lib\feathures\home\data\data_source\index_hive_datasource.dart
DA:8,0
DA:9,0
DA:10,0
DA:11,0
DA:18,0
DA:20,0
DA:22,0
DA:23,0
DA:24,0
DA:26,0
LF:10
LH:0
end_of_record
SF:lib\feathures\home\data\data_source\index_remote_datasource.dart
DA:11,0
DA:12,0
DA:13,0
DA:19,0
DA:21,0
DA:23,0
DA:24,0
DA:26,0
DA:27,0
DA:30,0
DA:31,0
DA:33,0
DA:34,0
DA:35,0
DA:36,0
DA:40,0
DA:41,0
DA:42,0
DA:43,0
DA:44,0
LF:20
LH:0
end_of_record
SF:lib\feathures\home\data\dto\index_remote_dto.dart
DA:12,0
DA:18,0
DA:19,0
LF:3
LH:0
end_of_record
SF:lib\feathures\home\data\dto\index_remote_dto.g.dart
DA:11,0
DA:12,0
DA:13,0
DA:14,0
DA:15,0
DA:16,0
DA:19,0
DA:20,0
DA:21,0
DA:22,0
LF:10
LH:0
end_of_record
SF:lib\feathures\home\data\model\index_remote_model.dart
DA:7,0
DA:8,0
DA:26,0
DA:34,0
DA:35,0
DA:37,0
DA:38,0
DA:39,0
DA:40,0
DA:41,0
DA:42,0
DA:43,0
DA:44,0
DA:45,0
DA:47,0
DA:48,0
DA:49,0
DA:50,0
DA:51,0
DA:52,0
DA:53,0
DA:54,0
LF:22
LH:0
end_of_record
SF:lib\feathures\home\data\model\index_remote_model.g.dart
DA:11,0
DA:12,0
DA:13,0
DA:14,0
DA:15,0
DA:16,0
DA:17,0
DA:18,0
DA:21,0
DA:22,0
DA:23,0
DA:24,0
DA:25,0
DA:26,0
DA:27,0
DA:28,0
LF:16
LH:0
end_of_record
SF:lib\feathures\home\data\data_source\metals_hive_data_source.dart
DA:8,0
DA:9,0
DA:10,0
DA:11,0
DA:19,0
DA:22,0
DA:24,0
DA:25,0
DA:26,0
DA:28,0
LF:10
LH:0
end_of_record
SF:lib\feathures\home\data\data_source\metals_remote_data_source.dart
DA:11,0
DA:12,0
DA:13,0
DA:14,0
DA:22,0
DA:24,0
DA:26,0
DA:28,0
DA:29,0
DA:32,0
DA:33,0
DA:35,0
DA:36,0
DA:38,0
DA:42,0
DA:43,0
DA:44,0
DA:45,0
DA:46,0
LF:19
LH:0
end_of_record
SF:lib\feathures\home\data\dto\metals_remote_dto.dart
DA:23,0
DA:28,0
DA:29,0
DA:30,0
DA:31,0
DA:34,0
DA:35,0
DA:36,0
LF:8
LH:0
end_of_record
SF:lib\feathures\home\data\model\metals_remote_model.dart
DA:7,0
DA:8,0
DA:21,0
DA:39,0
DA:40,0
DA:41,0
DA:42,0
DA:43,0
DA:44,0
DA:45,0
DA:46,0
DA:49,0
DA:50,0
DA:51,0
DA:52,0
DA:53,0
DA:54,0
DA:55,0
DA:56,0
DA:57,0
DA:61,0
DA:62,0
DA:63,0
DA:64,0
DA:65,0
DA:66,0
DA:67,0
DA:68,0
DA:71,0
DA:73,0
DA:74,0
DA:75,0
DA:76,0
DA:77,0
DA:78,0
DA:79,0
DA:80,0
DA:82,0
LF:38
LH:0
end_of_record
SF:lib\feathures\home\data\model\metals_remote_model.g.dart
DA:11,0
DA:12,0
DA:13,0
DA:14,0
DA:15,0
DA:16,0
DA:17,0
DA:18,0
DA:19,0
DA:22,0
DA:23,0
DA:24,0
DA:25,0
DA:26,0
DA:27,0
DA:28,0
DA:29,0
DA:30,0
LF:18
LH:0
end_of_record
SF:lib\feathures\home\data\data_source\nrbdata_remote_data_source.dart
DA:11,0
DA:12,0
DA:13,0
DA:19,0
DA:21,0
DA:23,0
DA:24,0
DA:26,0
DA:27,0
DA:29,0
DA:31,0
DA:33,0
DA:34,0
DA:36,0
DA:40,0
DA:41,0
DA:42,0
DA:43,0
DA:44,0
LF:19
LH:0
end_of_record
SF:lib\feathures\home\data\dto\nrbremote_dto.dart
DA:8,0
DA:11,0
DA:12,0
DA:13,0
DA:14,0
DA:15,0
LF:6
LH:0
end_of_record
SF:lib\feathures\home\data\model\nrb_data_remote_model.dart
DA:6,0
DA:7,0
DA:8,0
DA:9,0
DA:18,0
DA:21,0
DA:22,0
DA:23,0
DA:26,0
DA:27,0
DA:28,0
DA:30,0
LF:12
LH:0
end_of_record
SF:lib\feathures\home\data\data_source\stock_hive_data_source.dart
DA:8,0
DA:9,0
DA:10,0
DA:16,0
DA:18,0
DA:20,0
DA:22,0
DA:23,0
DA:25,0
LF:9
LH:0
end_of_record
SF:lib\feathures\home\data\data_source\stock_remote_data_source.dart
DA:11,0
DA:12,0
DA:13,0
DA:14,0
DA:22,0
DA:24,0
DA:26,0
DA:27,0
DA:29,0
DA:30,0
DA:32,0
DA:33,0
DA:35,0
DA:36,0
DA:38,0
DA:42,0
DA:43,0
DA:44,0
DA:45,0
DA:46,0
LF:20
LH:0
end_of_record
SF:lib\feathures\home\data\dto\stock_remote_dto.dart
DA:14,0
DA:21,0
DA:22,0
DA:24,0
LF:4
LH:0
end_of_record
SF:lib\feathures\home\data\dto\stock_remote_dto.g.dart
DA:9,0
DA:10,0
DA:11,0
DA:12,0
DA:13,0
DA:14,0
DA:15,0
DA:16,0
DA:17,0
DA:20,0
DA:21,0
DA:22,0
DA:23,0
DA:24,0
DA:25,0
LF:15
LH:0
end_of_record
SF:lib\feathures\home\data\model\stock_remote_model.dart
DA:8,0
DA:9,0
DA:34,0
DA:55,0
DA:56,0
DA:58,0
DA:60,0
DA:61,0
DA:62,0
DA:63,0
DA:64,0
DA:65,0
DA:66,0
DA:67,0
DA:68,0
DA:69,0
DA:70,0
DA:71,0
DA:72,0
DA:73,0
DA:74,0
DA:75,0
DA:76,0
DA:77,0
DA:78,0
DA:81,0
DA:82,0
DA:84,0
DA:85,0
LF:29
LH:0
end_of_record
SF:lib\feathures\home\data\model\stock_remote_model.g.dart
DA:9,0
DA:10,0
DA:11,0
DA:12,0
DA:13,0
DA:14,0
DA:15,0
DA:16,0
DA:17,0
DA:18,0
DA:19,0
DA:20,0
DA:21,0
DA:22,0
DA:23,0
DA:24,0
DA:25,0
DA:26,0
DA:27,0
DA:28,0
DA:31,0
DA:32,0
DA:33,0
DA:34,0
DA:35,0
DA:36,0
DA:37,0
DA:38,0
DA:39,0
DA:40,0
DA:41,0
DA:42,0
DA:43,0
DA:44,0
DA:45,0
DA:46,0
DA:47,0
DA:48,0
DA:49,0
DA:50,0
LF:40
LH:0
end_of_record
SF:lib\feathures\home\data\data_source\world_data_remote_source.dart
DA:11,0
DA:12,0
DA:13,0
DA:14,0
DA:20,0
DA:24,0
DA:26,0
DA:27,0
DA:28,0
DA:30,0
DA:33,0
DA:34,0
DA:36,0
DA:37,0
DA:39,0
DA:43,0
DA:44,0
DA:45,0
DA:46,0
DA:47,0
LF:20
LH:0
end_of_record
SF:lib\feathures\home\data\dto\world_remote_dto.dart
DA:12,0
DA:18,0
DA:19,0
LF:3
LH:0
end_of_record
SF:lib\feathures\home\data\dto\world_remote_dto.g.dart
DA:11,0
DA:13,0
DA:14,0
DA:15,0
DA:17,0
DA:20,0
DA:22,0
DA:23,0
DA:24,0
DA:25,0
LF:10
LH:0
end_of_record
SF:lib\feathures\home\data\model\world_market_remote_model.dart
DA:10,0
DA:11,0
DA:12,0
DA:13,0
DA:14,0
DA:15,0
DA:16,0
DA:28,0
DA:35,0
DA:36,0
DA:39,0
DA:40,0
DA:41,0
DA:42,0
DA:43,0
DA:44,0
LF:16
LH:0
end_of_record
SF:lib\feathures\home\data\model\world_market_remote_model.g.dart
DA:11,0
DA:13,0
DA:14,0
DA:15,0
DA:16,0
DA:17,0
DA:18,0
DA:19,0
DA:20,0
DA:21,0
DA:22,0
DA:23,0
DA:24,0
DA:25,0
DA:26,0
DA:27,0
DA:28,0
DA:29,0
DA:30,0
DA:31,0
DA:32,0
DA:35,0
DA:37,0
DA:38,0
DA:39,0
DA:40,0
DA:41,0
DA:42,0
LF:28
LH:0
end_of_record
SF:lib\feathures\home\data\model\dataversion_remote_model.dart
DA:10,0
DA:15,0
DA:16,0
LF:3
LH:0
end_of_record
SF:lib\feathures\home\data\model\dataversion_remote_model.g.dart
DA:11,0
DA:12,0
DA:13,0
DA:14,0
DA:17,0
DA:18,0
DA:19,0
DA:20,0
LF:8
LH:0
end_of_record
SF:lib\feathures\home\data\model\topgainers_remote_model.dart
DA:14,0
DA:22,0
DA:23,0
DA:26,0
DA:27,0
DA:28,0
DA:29,0
DA:30,0
DA:31,0
DA:32,0
LF:10
LH:0
end_of_record
SF:lib\feathures\home\data\model\topgainers_remote_model.g.dart
DA:11,0
DA:13,0
DA:14,0
DA:15,0
DA:16,0
DA:17,0
DA:18,0
DA:21,0
DA:23,0
DA:24,0
DA:25,0
DA:26,0
DA:27,0
DA:28,0
LF:14
LH:0
end_of_record
SF:lib\feathures\home\data\model\toploosers_remote_model.dart
DA:14,0
DA:22,0
DA:23,0
DA:26,0
DA:27,0
DA:28,0
DA:29,0
DA:30,0
DA:31,0
DA:32,0
LF:10
LH:0
end_of_record
SF:lib\feathures\home\data\model\toploosers_remote_model.g.dart
DA:11,0
DA:13,0
DA:14,0
DA:15,0
DA:16,0
DA:17,0
DA:18,0
DA:21,0
DA:23,0
DA:24,0
DA:25,0
DA:26,0
DA:27,0
DA:28,0
LF:14
LH:0
end_of_record
SF:lib\feathures\home\data\model\toptransaction_remote_model.dart
DA:13,0
DA:20,0
DA:21,0
DA:24,0
DA:25,0
DA:26,0
DA:27,0
DA:28,0
DA:29,0
LF:9
LH:0
end_of_record
SF:lib\feathures\home\data\model\toptransaction_remote_model.g.dart
DA:11,0
DA:13,0
DA:14,0
DA:15,0
DA:16,0
DA:17,0
DA:20,0
DA:22,0
DA:23,0
DA:24,0
DA:25,0
DA:26,0
LF:12
LH:0
end_of_record
SF:lib\feathures\home\data\model\topturnover_remote_model.dart
DA:13,0
DA:20,0
DA:21,0
DA:24,0
DA:25,0
DA:26,0
DA:27,0
DA:28,0
DA:29,0
LF:9
LH:0
end_of_record
SF:lib\feathures\home\data\model\topturnover_remote_model.g.dart
DA:11,0
DA:13,0
DA:14,0
DA:15,0
DA:16,0
DA:17,0
DA:20,0
DA:22,0
DA:23,0
DA:24,0
DA:25,0
DA:26,0
LF:12
LH:0
end_of_record
SF:lib\feathures\home\data\model\topvolume_remote_model.dart
DA:13,0
DA:20,0
DA:21,0
DA:24,0
DA:25,0
DA:26,0
DA:27,0
DA:28,0
DA:29,0
LF:9
LH:0
end_of_record
SF:lib\feathures\home\data\model\topvolume_remote_model.g.dart
DA:11,0
DA:13,0
DA:14,0
DA:15,0
DA:16,0
DA:17,0
DA:20,0
DA:22,0
DA:23,0
DA:24,0
DA:25,0
DA:26,0
LF:12
LH:0
end_of_record
SF:lib\feathures\home\data\model\cryptocurrency_remote_model.dart
DA:13,0
DA:20,0
DA:21,0
DA:24,0
DA:25,0
DA:26,0
DA:27,0
DA:28,0
DA:29,0
LF:9
LH:0
end_of_record
SF:lib\feathures\home\data\model\cryptocurrency_remote_model.g.dart
DA:11,0
DA:13,0
DA:14,0
DA:15,0
DA:16,0
DA:17,0
DA:20,0
DA:22,0
DA:23,0
DA:24,0
DA:25,0
DA:26,0
LF:12
LH:0
end_of_record
SF:lib\feathures\home\domain\entity\crypto_entity.dart
DA:7,0
DA:8,0
DA:23,2
DA:30,0
DA:31,0
DA:32,0
DA:33,0
DA:34,0
DA:35,0
DA:38,0
DA:39,0
DA:41,0
DA:42,0
DA:43,0
DA:44,0
DA:45,0
DA:48,0
LF:17
LH:1
end_of_record
SF:lib\feathures\home\domain\entity\crypto_entity.g.dart
DA:11,0
DA:12,0
DA:13,0
DA:14,0
DA:15,0
DA:18,0
DA:19,0
DA:20,0
DA:21,0
DA:22,0
DA:23,0
LF:11
LH:0
end_of_record
SF:lib\feathures\home\data\model\currency_fx_remote_model.dart
DA:13,0
DA:20,0
DA:21,0
DA:24,0
DA:25,0
DA:26,0
DA:27,0
DA:28,0
DA:29,0
LF:9
LH:0
end_of_record
SF:lib\feathures\home\data\model\currency_fx_remote_model.g.dart
DA:11,0
DA:13,0
DA:14,0
DA:15,0
DA:16,0
DA:17,0
DA:20,0
DA:22,0
DA:23,0
DA:24,0
DA:25,0
DA:26,0
LF:12
LH:0
end_of_record
SF:lib\feathures\home\domain\entity\currencyfx_entity.dart
DA:7,0
DA:8,0
DA:23,2
DA:29,0
DA:30,0
DA:32,0
DA:33,0
DA:35,0
DA:36,0
DA:37,0
DA:38,0
DA:39,0
LF:12
LH:1
end_of_record
SF:lib\feathures\home\domain\entity\currencyfx_entity.g.dart
DA:11,0
DA:12,0
DA:13,0
DA:14,0
DA:15,0
DA:16,0
DA:19,0
DA:20,0
DA:21,0
DA:22,0
DA:23,0
DA:24,0
LF:12
LH:0
end_of_record
SF:lib\feathures\home\data\model\currency_remote_model.dart
DA:9,0
DA:16,0
DA:17,0
DA:18,0
DA:19,0
DA:20,0
DA:23,0
DA:24,0
DA:26,0
DA:27,0
DA:28,0
LF:11
LH:0
end_of_record
SF:lib\feathures\home\domain\entity\currency_entity.dart
DA:4,0
DA:19,0
DA:20,0
DA:22,6
DA:29,0
DA:30,0
DA:32,0
DA:33,0
DA:34,0
DA:37,0
DA:38,0
DA:39,0
DA:40,0
DA:41,0
LF:14
LH:1
end_of_record
SF:lib\feathures\home\data\model\global_market_remote_model.dart
DA:13,0
DA:19,0
DA:20,0
DA:23,0
DA:24,0
DA:25,0
DA:26,0
DA:27,0
DA:28,0
LF:9
LH:0
end_of_record
SF:lib\feathures\home\data\model\global_market_remote_model.g.dart
DA:11,0
DA:13,0
DA:14,0
DA:15,0
DA:16,0
DA:17,0
DA:20,0
DA:22,0
DA:23,0
DA:24,0
DA:25,0
DA:26,0
LF:12
LH:0
end_of_record
SF:lib\feathures\home\domain\entity\global_market_entity.dart
DA:7,0
DA:19,2
DA:25,0
DA:26,0
DA:28,0
DA:29,0
DA:31,0
DA:32,0
DA:33,0
DA:34,0
DA:35,0
LF:11
LH:1
end_of_record
SF:lib\feathures\home\domain\entity\global_market_entity.g.dart
DA:11,0
DA:12,0
DA:13,0
DA:14,0
DA:15,0
DA:16,0
DA:19,0
DA:20,0
DA:21,0
DA:22,0
DA:23,0
DA:24,0
LF:12
LH:0
end_of_record
SF:lib\feathures\home\data\model\shortterm_interest_hive_model.dart
DA:12,0
DA:16,0
DA:18,0
DA:19,0
DA:20,0
DA:24,0
DA:25,0
DA:26,0
DA:30,0
DA:31,0
DA:32,0
LF:11
LH:0
end_of_record
SF:lib\feathures\home\data\model\shortterm_interest_hive_model.g.dart
DA:14,0
DA:16,0
DA:17,0
DA:18,0
DA:20,0
DA:21,0
DA:25,0
DA:28,0
DA:29,0
DA:30,0
DA:33,0
DA:34,0
DA:36,0
DA:39,0
DA:40,0
DA:41,0
LF:16
LH:0
end_of_record
SF:lib\feathures\home\domain\entity\nrb_banking_entity.dart
DA:74,0
DA:75,0
DA:100,4
DA:111,0
DA:112,0
DA:113,0
DA:114,0
DA:115,0
DA:116,0
DA:117,0
DA:118,0
DA:120,0
DA:121,0
DA:124,0
DA:125,0
DA:127,0
DA:128,0
DA:129,0
DA:130,0
DA:131,0
DA:132,0
DA:133,0
DA:134,0
DA:135,0
DA:136,0
DA:137,0
LF:26
LH:1
end_of_record
SF:lib\feathures\home\domain\entity\nrb_banking_entity.g.dart
DA:11,0
DA:13,0
DA:14,0
DA:16,0
DA:18,0
DA:19,0
DA:21,0
DA:23,0
DA:24,0
DA:25,0
DA:26,0
DA:27,0
DA:28,0
DA:31,0
DA:33,0
DA:34,0
DA:35,0
DA:36,0
DA:37,0
DA:38,0
DA:39,0
DA:40,0
DA:42,0
DA:43,0
LF:24
LH:0
end_of_record
SF:lib\feathures\home\data\model\nrb_banking_remote_model.dart
DA:69,0
DA:70,0
DA:71,0
DA:72,0
DA:73,0
DA:82,0
DA:87,0
DA:88,0
DA:90,0
DA:91,0
DA:92,0
DA:94,0
DA:95,0
DA:96,0
DA:98,0
DA:99,0
DA:102,0
DA:103,0
DA:105,0
DA:106,0
DA:108,0
DA:109,0
DA:110,0
DA:111,0
DA:113,0
DA:118,0
LF:26
LH:0
end_of_record
SF:lib\feathures\home\data\model\shortterm_interest_remote_model.dart
DA:6,0
DA:10,0
DA:11,0
DA:12,0
DA:15,0
DA:16,0
DA:17,0
LF:7
LH:0
end_of_record
SF:lib\feathures\home\data\model\nrbforex_remote_data.dart
DA:5,0
DA:6,0
DA:7,0
DA:14,0
DA:18,0
DA:19,0
DA:22,0
DA:23,0
DA:24,0
DA:25,0
DA:26,0
DA:28,0
LF:12
LH:0
end_of_record
SF:lib\feathures\home\domain\entity\nrbforex_entity.dart
DA:5,0
DA:21,0
DA:22,0
DA:24,4
DA:28,0
DA:29,0
DA:31,0
DA:32,0
DA:35,0
DA:40,0
DA:41,0
LF:11
LH:1
end_of_record
SF:lib\feathures\home\domain\entity\shortterm_entity.dart
DA:10,4
DA:14,0
DA:15,0
DA:16,0
DA:20,0
DA:21,0
DA:22,0
DA:26,0
DA:27,0
DA:30,0
DA:31,0
LF:11
LH:1
end_of_record
SF:lib\feathures\home\domain\entity\shortterm_entity.g.dart
DA:11,0
DA:13,0
DA:14,0
DA:17,0
DA:19,0
DA:20,0
LF:6
LH:0
end_of_record
SF:lib\feathures\home\domain\entity\topgaines_entity.dart
DA:7,0
DA:25,2
DA:33,0
DA:34,0
DA:35,0
DA:36,0
DA:37,0
DA:38,0
DA:39,0
DA:42,0
DA:43,0
DA:45,0
DA:47,0
DA:48,0
DA:49,0
DA:50,0
DA:51,0
DA:52,0
LF:18
LH:1
end_of_record
SF:lib\feathures\home\domain\entity\topgaines_entity.g.dart
DA:9,0
DA:10,0
DA:11,0
DA:12,0
DA:13,0
DA:14,0
DA:15,0
DA:18,0
DA:19,0
DA:20,0
DA:21,0
DA:22,0
DA:23,0
DA:24,0
LF:14
LH:0
end_of_record
SF:lib\feathures\home\domain\entity\toploosers_entity.dart
DA:7,0
DA:25,2
DA:33,0
DA:34,0
DA:35,0
DA:36,0
DA:37,0
DA:38,0
DA:39,0
DA:42,0
DA:43,0
DA:45,0
DA:47,0
DA:48,0
DA:49,0
DA:50,0
DA:51,0
DA:52,0
LF:18
LH:1
end_of_record
SF:lib\feathures\home\domain\entity\toploosers_entity.g.dart
DA:9,0
DA:10,0
DA:11,0
DA:12,0
DA:13,0
DA:14,0
DA:15,0
DA:18,0
DA:19,0
DA:20,0
DA:21,0
DA:22,0
DA:23,0
DA:24,0
LF:14
LH:0
end_of_record
SF:lib\feathures\home\domain\entity\toptransaction_entity.dart
DA:7,0
DA:19,2
DA:25,0
DA:26,0
DA:28,0
DA:29,0
DA:31,0
DA:33,0
DA:34,0
DA:35,0
DA:36,0
DA:37,0
LF:12
LH:1
end_of_record
SF:lib\feathures\home\domain\entity\toptransaction_entity.g.dart
DA:9,0
DA:11,0
DA:12,0
DA:13,0
DA:14,0
DA:15,0
DA:18,0
DA:20,0
DA:21,0
DA:22,0
DA:23,0
DA:24,0
LF:12
LH:0
end_of_record
SF:lib\feathures\home\domain\entity\topturnover_entity.dart
DA:7,0
DA:18,2
DA:24,0
DA:25,0
DA:27,0
DA:28,0
DA:30,0
DA:32,0
DA:33,0
DA:34,0
DA:35,0
DA:36,0
LF:12
LH:1
end_of_record
SF:lib\feathures\home\domain\entity\topturnover_entity.g.dart
DA:9,0
DA:10,0
DA:11,0
DA:12,0
DA:13,0
DA:14,0
DA:17,0
DA:18,0
DA:19,0
DA:20,0
DA:21,0
DA:22,0
LF:12
LH:0
end_of_record
[...]
DA:172,0
DA:175,0
DA:177,0
DA:179,0
DA:183,0
DA:184,0
DA:185,0
DA:186,0
DA:190,0
DA:191,0
DA:192,0
DA:193,0
DA:194,0
DA:200,0
DA:203,0
DA:210,0
DA:215,0
DA:217,0
DA:220,0
DA:223,0
DA:225,0
DA:227,0
DA:231,0
DA:232,0
DA:233,0
DA:234,0
DA:238,0
DA:239,0
DA:240,0
DA:241,0
DA:242,0
DA:248,0
DA:251,0
DA:253,0
DA:258,0
DA:260,0
DA:263,0
DA:266,0
DA:268,0
DA:270,0
DA:274,0
DA:275,0
DA:276,0
DA:277,0
DA:281,0
DA:282,0
DA:283,0
DA:284,0
DA:285,0
LF:113
LH:0
end_of_record
SF:lib\feathures\news\data\repository\news_remote_repository.dart
DA:8,0
DA:9,0
DA:10,0
DA:17,0
DA:19,0
DA:21,0
LF:6
LH:0
end_of_record
SF:lib\feathures\news\domain\repository\news_repository.dart
DA:7,0
DA:8,0
LF:2
LH:0
end_of_record
SF:lib\feathures\news\domain\usecase\news_usecase.dart
DA:7,0
DA:8,0
DA:9,0
DA:16,0
DA:18,0
DA:19,0
LF:6
LH:0
end_of_record
SF:lib\feathures\news\presentation\state\news_state.dart
DA:9,0
DA:16,0
DA:20,0
DA:23,0
DA:29,0
DA:30,0
DA:31,0
DA:32,0
DA:33,0
LF:9
LH:0
end_of_record
SF:lib\feathures\news\presentation\viewmodel\news_viewmodel.dart
DA:5,0
DA:6,0
DA:7,0
DA:8,0
DA:15,0
DA:17,0
DA:18,0
DA:21,0
DA:22,0
DA:23,0
DA:26,0
DA:27,0
DA:28,0
DA:29,0
DA:30,0
DA:31,0
DA:33,0
DA:34,0
DA:35,0
DA:36,0
DA:38,0
DA:39,0
DA:40,0
DA:42,0
DA:43,0
LF:25
LH:0
end_of_record
SF:lib\feathures\onboarding\presentation\widget\onboarding_widget.dart
DA:13,2
DA:15,0
DA:16,0
DA:17,0
DA:18,0
DA:22,0
DA:23,0
DA:28,0
DA:30,0
DA:31,0
DA:33,0
DA:34,0
DA:36,0
DA:37,0
DA:38,0
DA:39,0
DA:40,0
DA:41,0
DA:43,0
DA:45,0
DA:46,0
DA:47,0
DA:50,0
DA:51,0
DA:52,0
DA:53,0
DA:54,0
DA:55,0
DA:56,0
DA:58,0
DA:59,0
DA:60,0
DA:63,0
DA:64,0
DA:65,0
DA:66,0
DA:69,0
DA:71,0
DA:74,0
DA:75,0
DA:86,0
DA:89,0
DA:90,0
DA:105,0
DA:107,0
DA:109,0
DA:110,0
DA:112,0
DA:122,0
DA:123,0
DA:130,0
DA:131,0
DA:132,0
DA:135,0
DA:136,0
LF:55
LH:1
end_of_record
SF:lib\feathures\onboarding\presentation\widget\get_started_button.dart
DA:11,0
DA:20,0
DA:21,0
DA:27,0
DA:29,0
DA:30,0
DA:33,0
DA:34,0
DA:36,0
DA:37,0
DA:40,0
DA:43,0
DA:45,0
DA:46,0
DA:47,0
DA:48,0
DA:49,0
DA:50,0
DA:51,0
DA:53,0
DA:54,0
DA:55,0
DA:57,0
DA:59,0
DA:60,0
DA:88,0
DA:99,0
DA:101,0
DA:103,0
DA:104,0
DA:105,0
DA:106,0
DA:110,0
DA:111,0
DA:112,0
DA:113,0
LF:36
LH:0
end_of_record
SF:lib\feathures\splash\presentation\widget\loading_widget.dart
DA:9,0
DA:15,0
DA:17,0
DA:18,0
DA:20,0
DA:21,0
DA:22,0
DA:31,0
DA:33,0
DA:35,0
DA:36,0
LF:11
LH:0
end_of_record
SF:lib\feathures\portfolio\data\data_source\portfolio_hive_data_source.dart
DA:8,0
DA:9,0
DA:14,0
DA:16,0
DA:19,0
DA:21,0
DA:23,0
DA:24,0
DA:25,0
DA:27,0
DA:31,0
DA:33,0
DA:36,0
DA:38,0
DA:41,0
DA:43,0
DA:46,0
DA:48,0
DA:51,0
DA:53,0
LF:20
LH:0
end_of_record
SF:lib\feathures\portfolio\data\model\portfolio_data.dart
DA:7,0
DA:8,0
DA:38,0
DA:52,0
DA:53,0
DA:55,0
DA:56,0
DA:57,0
DA:58,0
DA:59,0
DA:60,0
DA:61,0
DA:62,0
DA:63,0
DA:64,0
DA:65,0
DA:66,0
DA:67,0
DA:68,0
DA:72,0
LF:20
LH:0
end_of_record
SF:lib\feathures\portfolio\data\model\portfolio_data.g.dart
DA:11,0
DA:12,0
DA:13,0
DA:14,0
DA:15,0
DA:17,0
DA:18,0
DA:20,0
DA:22,0
DA:23,0
DA:24,0
DA:25,0
DA:26,0
DA:27,0
DA:30,0
DA:31,0
DA:32,0
DA:33,0
DA:34,0
DA:36,0
DA:37,0
DA:38,0
DA:40,0
DA:41,0
DA:42,0
DA:43,0
DA:44,0
DA:45,0
LF:28
LH:0
end_of_record
SF:lib\feathures\portfolio\domain\entity\portfolio_data_entity.dart
DA:7,0
DA:38,4
DA:53,0
DA:54,0
DA:55,0
DA:56,0
DA:57,0
DA:58,0
DA:59,0
DA:60,0
DA:61,0
DA:62,0
DA:63,0
DA:64,0
DA:65,0
DA:66,0
DA:68,0
DA:84,0
DA:85,0
LF:19
LH:1
end_of_record
SF:lib\feathures\portfolio\domain\entity\portfolio_data_entity.g.dart
DA:11,0
DA:12,0
DA:13,0
DA:14,0
DA:15,0
DA:17,0
DA:18,0
DA:20,0
DA:22,0
DA:23,0
DA:24,0
DA:25,0
DA:26,0
DA:27,0
DA:30,0
DA:32,0
DA:33,0
DA:34,0
DA:35,0
DA:37,0
DA:38,0
DA:39,0
DA:41,0
DA:42,0
DA:43,0
DA:44,0
DA:45,0
DA:46,0
LF:28
LH:0
end_of_record
SF:lib\feathures\portfolio\data\model\gainlossrecord_remote_model.dart
DA:7,0
DA:8,0
DA:19,0
DA:26,0
DA:27,0
DA:29,0
DA:30,0
DA:32,0
DA:34,0
DA:35,0
DA:37,0
DA:43,0
DA:45,0
LF:13
LH:0
end_of_record
SF:lib\feathures\portfolio\data\model\gainlossrecord_remote_model.g.dart
DA:9,0
DA:10,0
DA:11,0
DA:12,0
DA:13,0
DA:14,0
DA:17,0
DA:18,0
DA:19,0
DA:20,0
DA:21,0
DA:22,0
LF:12
LH:0
end_of_record
SF:lib\feathures\portfolio\domain\entity\lossgainrecord_entity.dart
DA:13,2
DA:20,0
DA:29,0
DA:30,0
DA:32,0
DA:34,0
DA:36,0
LF:7
LH:1
end_of_record
SF:lib\feathures\portfolio\domain\entity\lossgainrecord_entity.g.dart
DA:9,0
DA:11,0
DA:12,0
DA:13,0
DA:14,0
DA:15,0
DA:18,0
DA:20,0
DA:21,0
DA:22,0
DA:23,0
DA:24,0
LF:12
LH:0
end_of_record
SF:lib\feathures\portfolio\data\model\gainlossrecords_hive_model.g.dart
DA:14,0
DA:16,0
DA:17,0
DA:18,0
DA:20,0
DA:21,0
DA:22,0
DA:23,0
DA:24,0
DA:28,0
DA:31,0
DA:32,0
DA:33,0
DA:34,0
DA:35,0
DA:36,0
DA:37,0
DA:38,0
DA:39,0
DA:42,0
DA:43,0
DA:45,0
DA:48,0
DA:49,0
DA:50,0
LF:25
LH:0
end_of_record
SF:lib\feathures\portfolio\data\model\gainlossrecords_hive_model.dart
DA:19,0
DA:24,0
DA:26,0
DA:27,0
DA:29,0
DA:30,0
DA:31,0
DA:32,0
DA:33,0
DA:36,0
DA:37,0
DA:38,0
DA:39,0
DA:40,0
DA:41,0
DA:44,0
DA:45,0
DA:46,0
DA:47,0
DA:48,0
DA:49,0
DA:52,0
DA:54,0
DA:56,0
DA:58,0
DA:60,0
DA:62,0
LF:27
LH:0
end_of_record
SF:lib\feathures\portfolio\data\model\userportfoliostoks_hive_mode.g.dart
DA:14,0
DA:16,0
DA:17,0
DA:18,0
DA:20,0
DA:21,0
DA:22,0
DA:23,0
DA:24,0
DA:25,0
DA:26,0
DA:27,0
DA:28,0
DA:29,0
DA:33,0
DA:36,0
DA:37,0
DA:38,0
DA:39,0
DA:40,0
DA:41,0
DA:42,0
DA:43,0
DA:44,0
DA:45,0
DA:46,0
DA:47,0
DA:48,0
DA:49,0
DA:50,0
DA:51,0
DA:52,0
DA:53,0
DA:54,0
DA:57,0
DA:58,0
DA:60,0
DA:63,0
DA:64,0
DA:65,0
LF:40
LH:0
end_of_record
SF:lib\feathures\portfolio\data\model\userportfoliostoks_hive_mode.dart
DA:29,0
DA:39,0
DA:41,0
DA:42,0
DA:53,0
DA:54,0
DA:55,0
DA:56,0
DA:57,0
DA:58,0
DA:59,0
DA:60,0
DA:61,0
DA:62,0
DA:65,0
DA:66,0
DA:67,0
DA:68,0
DA:69,0
DA:70,0
DA:71,0
DA:72,0
DA:73,0
DA:74,0
DA:75,0
DA:78,0
DA:79,0
DA:80,0
DA:81,0
DA:82,0
DA:83,0
DA:84,0
DA:85,0
DA:86,0
DA:87,0
DA:90,0
DA:92,0
DA:94,0
DA:96,0
DA:98,0
DA:100,0
LF:41
LH:0
end_of_record
SF:lib\feathures\portfolio\data\model\userportfoliostock_remote_model.dart
DA:8,0
DA:9,0
DA:25,0
DA:37,0
DA:38,0
DA:40,0
DA:42,0
DA:43,0
DA:44,0
DA:45,0
DA:46,0
DA:47,0
DA:48,0
DA:49,0
DA:50,0
DA:51,0
DA:53,0
DA:55,0
DA:57,0
DA:68,0
DA:70,0
LF:21
LH:0
end_of_record
SF:lib\feathures\portfolio\data\model\userportfoliostock_remote_model.g.dart
DA:9,0
DA:10,0
DA:11,0
DA:12,0
DA:13,0
DA:14,0
DA:15,0
DA:16,0
DA:17,0
DA:18,0
DA:19,0
DA:22,0
DA:23,0
DA:24,0
DA:25,0
DA:26,0
DA:27,0
DA:28,0
DA:29,0
DA:30,0
DA:31,0
DA:32,0
LF:22
LH:0
end_of_record
SF:lib\feathures\portfolio\domain\entity\userportfoliostock_entity.dart
DA:18,0
DA:30,0
DA:32,0
DA:33,0
DA:34,0
DA:35,0
DA:36,0
DA:37,0
DA:38,0
DA:39,0
DA:40,0
DA:41,0
DA:45,0
DA:46,0
DA:48,0
LF:15
LH:0
end_of_record
SF:lib\feathures\portfolio\domain\entity\userportfoliostock_entity.g.dart
DA:9,0
DA:11,0
DA:12,0
DA:13,0
DA:14,0
DA:15,0
DA:16,0
DA:17,0
DA:18,0
DA:19,0
DA:20,0
DA:23,0
DA:25,0
DA:26,0
DA:27,0
DA:28,0
DA:29,0
DA:30,0
DA:31,0
DA:32,0
DA:33,0
DA:34,0
LF:22
LH:0
end_of_record
SF:lib\feathures\portfolio\data\repository\portfolio_hive_repository.dart
DA:8,0
DA:9,0
DA:10,0
DA:16,0
DA:18,0
DA:21,0
DA:25,0
DA:28,0
DA:31,0
DA:34,0
DA:37,0
DA:40,0
DA:43,0
DA:45,0
DA:48,0
DA:51,0
LF:16
LH:0
end_of_record
SF:lib\feathures\portfolio\domain\repository\portfolio_repository.dart
DA:9,0
DA:10,0
DA:12,0
DA:13,0
DA:14,0
LF:5
LH:0
end_of_record
SF:lib\feathures\portfolio\data\repository\portfolio_remote_repository.dart
DA:8,0
DA:9,0
DA:10,0
DA:17,0
DA:19,0
DA:22,0
DA:25,0
DA:27,0
DA:30,0
DA:33,0
DA:37,0
DA:40,0
DA:44,0
DA:47,0
DA:50,0
DA:53,0
LF:16
LH:0
end_of_record
SF:lib\feathures\portfolio\domain\usecase\addstock_portfolio.dart
DA:8,0
DA:9,0
DA:10,0
DA:11,0
DA:17,0
DA:20,0
DA:22,0
DA:23,0
LF:8
LH:0
end_of_record
SF:lib\feathures\portfolio\domain\usecase\create_portfolio_usecase.dart
DA:8,0
DA:9,0
DA:10,0
DA:11,0
DA:17,0
DA:20,0
DA:22,0
DA:23,0
LF:8
LH:0
end_of_record
SF:lib\feathures\portfolio\domain\usecase\delete_portfolio_usecase.dart
DA:8,0
DA:9,0
DA:10,0
DA:11,0
DA:17,0
DA:20,0
DA:22,0
DA:23,0
LF:8
LH:0
end_of_record
SF:lib\feathures\portfolio\domain\usecase\deletestockfrom_portfolio_usecase.dart
DA:8,0
DA:9,0
DA:10,0
DA:11,0
DA:12,0
DA:18,0
DA:21,0
DA:23,0
DA:24,0
LF:9
LH:0
end_of_record
SF:lib\feathures\portfolio\domain\usecase\get_portfolio_usecase.dart
DA:9,0
DA:10,0
DA:11,0
DA:12,0
DA:13,0
DA:20,0
DA:25,0
DA:26,0
DA:28,0
DA:29,0
DA:30,0
DA:31,0
DA:32,0
DA:33,0
LF:14
LH:0
end_of_record
SF:lib\feathures\portfolio\domain\usecase\rename_portfolio_usecase.dart
DA:8,0
DA:9,0
DA:10,0
DA:11,0
DA:17,0
DA:20,0
DA:22,0
DA:23,0
LF:8
LH:0
end_of_record
SF:lib\feathures\portfolio\presentation\widget\add_portfolio.dart
DA:12,2
DA:14,0
DA:16,0
DA:17,0
DA:18,0
DA:19,0
DA:21,0
DA:23,0
DA:25,0
DA:27,0
DA:28,0
DA:32,0
DA:33,0
DA:39,0
DA:40,0
DA:44,0
DA:45,0
DA:54,0
DA:55,0
DA:56,0
DA:57,0
DA:59,0
DA:60,0
DA:67,0
DA:68,0
DA:69,0
DA:70,0
DA:81,0
DA:85,0
DA:86,0
DA:87,0
DA:88,0
DA:89,0
LF:33
LH:1
end_of_record
SF:lib\feathures\portfolio\presentation\widget\portfolio_dialog.dart
DA:18,2
DA:23,0
DA:24,0
DA:33,0
DA:35,0
DA:36,0
DA:39,0
DA:42,0
DA:44,0
DA:46,0
DA:47,0
DA:48,0
DA:50,0
DA:52,0
DA:53,0
DA:55,0
DA:57,0
DA:58,0
DA:59,0
DA:61,0
DA:62,0
DA:63,0
DA:64,0
DA:68,0
DA:69,0
DA:70,0
DA:71,0
DA:74,0
DA:78,0
DA:84,0
DA:85,0
DA:86,0
DA:91,0
DA:93,0
DA:96,0
DA:97,0
DA:98,0
DA:99,0
DA:100,0
DA:101,0
DA:102,0
DA:103,0
DA:105,0
DA:106,0
DA:108,0
DA:109,0
DA:112,0
DA:116,0
DA:117,0
DA:118,0
DA:119,0
DA:120,0
DA:123,0
DA:124,0
DA:125,0
DA:128,0
DA:129,0
DA:130,0
DA:136,0
DA:137,0
DA:144,0
DA:150,0
DA:151,0
DA:153,0
DA:154,0
DA:162,0
DA:163,0
DA:169,0
DA:170,0
DA:181,0
DA:182,0
DA:192,0
DA:193,0
DA:194,0
DA:195,0
DA:196,0
DA:197,0
DA:198,0
DA:199,0
DA:200,0
DA:201,0
DA:202,0
DA:205,0
DA:206,0
DA:207,0
DA:208,0
DA:211,0
DA:215,0
DA:216,0
DA:217,0
DA:218,0
DA:219,0
DA:220,0
DA:228,0
DA:230,0
DA:231,0
LF:96
LH:1
end_of_record
SF:lib\feathures\portfolio\presentation\widget\portfolio_lists.dart
DA:19,0
DA:22,0
DA:24,0
DA:26,0
DA:27,0
DA:28,0
DA:30,0
DA:31,0
DA:32,0
DA:34,0
DA:36,0
DA:40,0
DA:42,0
DA:43,0
DA:44,0
DA:48,0
DA:51,0
DA:52,0
DA:53,0
DA:55,0
DA:56,0
DA:57,0
DA:58,0
DA:59,0
DA:60,0
DA:61,0
DA:65,0
DA:66,0
DA:67,0
DA:69,0
DA:70,0
DA:75,0
DA:76,0
DA:79,0
DA:80,0
DA:82,0
DA:83,0
DA:84,0
DA:85,0
DA:86,0
DA:88,0
DA:89,0
DA:91,0
DA:92,0
DA:94,0
DA:98,0
DA:99,0
DA:100,0
DA:101,0
DA:102,0
DA:104,0
DA:108,0
DA:109,0
DA:110,0
DA:111,0
DA:113,0
DA:117,0
DA:118,0
DA:120,0
DA:122,0
DA:126,0
DA:127,0
DA:128,0
DA:129,0
DA:131,0
DA:135,0
DA:136,0
DA:137,0
DA:138,0
DA:140,0
DA:145,0
DA:146,0
DA:147,0
DA:148,0
DA:149,0
DA:150,0
DA:152,0
DA:153,0
DA:155,0
DA:157,0
DA:159,0
DA:160,0
DA:163,0
DA:164,0
DA:165,0
DA:166,0
DA:169,0
DA:170,0
DA:171,0
DA:172,0
DA:175,0
DA:176,0
DA:177,0
DA:178,0
DA:181,0
DA:182,0
DA:183,0
DA:184,0
DA:194,0
DA:201,0
DA:202,0
DA:203,0
DA:205,0
DA:210,0
DA:212,0
DA:213,0
DA:214,0
DA:215,0
DA:217,0
DA:218,0
LF:110
LH:0
end_of_record
SF:lib\feathures\portfolio\presentation\widget\portfolio_summary.dart
DA:13,2
DA:15,0
DA:18,0
DA:19,0
DA:20,0
DA:21,0
DA:23,0
DA:25,0
DA:26,0
DA:27,0
DA:29,0
DA:31,0
DA:33,0
DA:34,0
DA:35,0
DA:38,0
DA:39,0
DA:41,0
DA:42,0
DA:47,0
DA:49,0
DA:50,0
DA:53,0
DA:61,0
DA:62,0
DA:63,0
DA:66,0
DA:67,0
DA:70,0
DA:71,0
DA:74,0
DA:75,0
DA:78,0
DA:79,0
DA:82,0
DA:83,0
DA:86,0
DA:87,0
LF:38
LH:1
end_of_record
SF:lib\feathures\portfolio\presentation\widget\portfolios_chart_widget.dart
DA:5,0
DA:27,0
DA:33,0
DA:35,0
DA:38,0
DA:40,0
DA:42,0
DA:43,0
DA:44,0
DA:45,0
DA:47,0
DA:48,0
DA:49,0
DA:51,0
DA:53,0
DA:54,0
DA:55,0
DA:56,0
DA:57,0
DA:58,0
DA:59,0
DA:60,0
DA:61,0
DA:62,0
DA:67,0
DA:68,0
DA:72,0
DA:73,0
DA:74,0
LF:29
LH:0
end_of_record
SF:lib\feathures\portfolio\presentation\widget\addstock_portfolio.dart
DA:21,0
DA:27,0
DA:30,0
DA:32,0
DA:34,0
DA:35,0
DA:36,0
DA:38,0
DA:40,0
DA:41,0
DA:43,0
DA:45,0
DA:46,0
DA:47,0
DA:48,0
DA:50,0
DA:56,0
DA:58,0
DA:61,0
DA:62,0
DA:63,0
DA:64,0
DA:65,0
DA:66,0
DA:67,0
DA:68,0
DA:70,0
DA:71,0
DA:73,0
DA:74,0
DA:77,0
DA:81,0
DA:82,0
DA:83,0
DA:84,0
DA:85,0
DA:88,0
DA:89,0
DA:93,0
DA:94,0
DA:95,0
DA:101,0
DA:102,0
DA:109,0
DA:115,0
DA:116,0
DA:118,0
DA:119,0
DA:127,0
DA:128,0
DA:134,0
DA:135,0
DA:145,0
DA:146,0
DA:156,0
DA:157,0
DA:158,0
DA:159,0
DA:161,0
DA:162,0
DA:163,0
DA:165,0
DA:167,0
DA:168,0
DA:173,0
DA:174,0
DA:175,0
DA:176,0
DA:177,0
DA:178,0
DA:181,0
DA:182,0
DA:185,0
DA:188,0
DA:189,0
DA:190,0
DA:191,0
DA:192,0
DA:198,0
DA:202,0
DA:203,0
DA:204,0
DA:205,0
DA:206,0
DA:207,0
LF:85
LH:0
end_of_record
SF:lib\feathures\portfolio\presentation\widget\color_widget.dart
DA:5,0
DA:6,0
DA:7,0
DA:11,0
DA:15,0
LF:5
LH:0
end_of_record
SF:lib\feathures\portfolio\presentation\widget\delete_portfolio_dialog.dart
DA:13,0
DA:16,0
DA:18,0
DA:19,0
DA:21,0
DA:22,0
DA:23,0
DA:24,0
DA:26,0
DA:27,0
DA:28,0
DA:30,0
DA:34,0
DA:35,0
DA:36,0
LF:15
LH:0
end_of_record
SF:lib\feathures\portfolio\presentation\widget\deletestock_portfolio.dart
DA:15,0
DA:16,0
DA:23,0
DA:30,0
DA:32,0
DA:34,0
DA:35,0
DA:36,0
DA:37,0
DA:38,0
DA:39,0
DA:41,0
DA:43,0
DA:44,0
DA:46,0
DA:48,0
DA:49,0
DA:50,0
DA:51,0
DA:52,0
DA:53,0
DA:58,0
DA:59,0
DA:60,0
DA:61,0
DA:63,0
DA:64,0
DA:67,0
DA:68,0
DA:70,0
DA:73,0
DA:76,0
DA:83,0
DA:84,0
DA:92,0
DA:93,0
DA:99,0
DA:100,0
DA:103,0
DA:108,0
DA:109,0
DA:112,0
DA:113,0
DA:114,0
DA:125,0
DA:126,0
DA:127,0
DA:128,0
DA:129,0
DA:134,0
DA:135,0
DA:136,0
DA:137,0
DA:138,0
DA:139,0
DA:142,0
DA:146,0
DA:147,0
DA:148,0
DA:156,0
DA:158,0
DA:159,0
DA:160,0
DA:162,0
DA:163,0
DA:164,0
DA:165,0
DA:167,0
DA:168,0
DA:169,0
DA:171,0
DA:175,0
DA:176,0
DA:177,0
LF:74
LH:0
end_of_record
SF:lib\feathures\portfolio\presentation\widget\popmenubutton_widget.dart
DA:17,0
DA:23,0
DA:25,0
DA:26,0
DA:27,0
DA:28,0
DA:29,0
DA:31,0
DA:32,0
DA:37,0
DA:38,0
DA:40,0
DA:41,0
DA:42,0
DA:47,0
DA:48,0
DA:50,0
DA:51,0
DA:56,0
DA:57,0
DA:59,0
DA:60,0
DA:65,0
DA:66,0
DA:67,0
DA:69,0
DA:70,0
DA:71,0
DA:74,0
DA:75,0
DA:82,0
DA:83,0
DA:84,0
DA:86,0
DA:97,0
DA:102,0
DA:104,0
DA:105,0
DA:113,0
DA:118,0
DA:120,0
DA:121,0
DA:129,0
DA:135,0
DA:137,0
DA:138,0
DA:147,0
DA:152,0
DA:154,0
DA:155,0
LF:50
LH:0
end_of_record
SF:lib\feathures\portfolio\presentation\widget\rename_portfolio_dialog.dart
DA:15,0
DA:18,0
DA:20,0
DA:21,0
DA:22,0
DA:24,0
DA:26,0
DA:28,0
DA:31,0
DA:32,0
DA:33,0
DA:34,0
DA:38,0
DA:39,0
DA:48,0
DA:49,0
DA:50,0
DA:51,0
DA:52,0
DA:55,0
DA:56,0
DA:58,0
DA:59,0
DA:62,0
DA:66,0
DA:67,0
DA:68,0
DA:69,0
LF:28
LH:0
end_of_record
SF:lib\feathures\splash\domain\usecase\splash_usecase.dart
DA:8,0
DA:9,0
DA:10,0
DA:11,0
DA:19,0
DA:21,0
DA:22,0
DA:23,0
DA:25,0
DA:26,0
DA:27,0
DA:28,0
DA:29,0
DA:30,0
DA:32,0
LF:15
LH:0
end_of_record
SF:lib\feathures\splash\presentation\viewmodel\splash_view_model.dart
DA:11,0
DA:12,0
DA:13,0
DA:14,0
DA:15,0
DA:28,0
DA:31,0
DA:32,0
DA:33,0
DA:34,0
DA:35,0
DA:37,0
DA:39,0
DA:40,0
DA:43,0
DA:64,0
DA:66,0
DA:68,0
DA:69,0
DA:70,0
DA:72,0
DA:73,0
DA:74,0
DA:78,0
DA:81,0
DA:84,0
DA:86,0
DA:90,0
DA:91,0
DA:92,0
DA:93,0
DA:94,0
LF:32
LH:0
end_of_record
SF:lib\feathures\watchlist\data\data_source\watchlist_local_datasource.dart
DA:8,0
DA:9,0
DA:10,0
DA:16,0
DA:18,0
DA:21,0
DA:23,0
DA:24,0
DA:26,0
DA:30,0
DA:31,0
DA:32,0
DA:35,0
DA:37,0
DA:40,0
DA:42,0
DA:45,0
DA:47,0
DA:50,0
DA:52,0
DA:55,0
DA:57,0
LF:22
LH:0
end_of_record
SF:lib\feathures\watchlist\data\data_source\watchlist_remote_data_source.dart
DA:12,0
DA:13,0
DA:14,0
DA:15,0
DA:22,0
DA:25,0
DA:29,0
DA:30,0
DA:31,0
DA:34,0
DA:36,0
DA:38,0
DA:39,0
DA:40,0
DA:43,0
DA:44,0
DA:45,0
DA:46,0
DA:47,0
DA:53,0
DA:56,0
DA:57,0
DA:58,0
DA:59,0
DA:62,0
DA:64,0
DA:66,0
DA:68,0
DA:69,0
DA:70,0
DA:73,0
DA:74,0
DA:75,0
DA:76,0
DA:77,0
DA:83,0
DA:86,0
DA:87,0
DA:88,0
DA:89,0
DA:92,0
DA:94,0
DA:96,0
DA:98,0
DA:99,0
DA:100,0
DA:103,0
DA:104,0
DA:105,0
DA:106,0
DA:107,0
DA:113,0
DA:116,0
DA:117,0
DA:118,0
DA:119,0
DA:122,0
DA:124,0
DA:126,0
DA:128,0
DA:129,0
DA:130,0
DA:133,0
DA:134,0
DA:135,0
DA:136,0
DA:137,0
DA:143,0
DA:146,0
DA:151,0
DA:152,0
DA:155,0
DA:157,0
DA:159,0
DA:161,0
DA:162,0
DA:163,0
DA:166,0
DA:167,0
DA:168,0
DA:169,0
DA:170,0
DA:176,0
DA:179,0
DA:180,0
DA:185,0
DA:186,0
DA:189,0
DA:191,0
DA:193,0
DA:195,0
DA:196,0
DA:197,0
DA:200,0
DA:201,0
DA:202,0
DA:203,0
DA:204,0
LF:98
LH:0
end_of_record
SF:lib\feathures\watchlist\data\dto\watchlist_remote_dto.dart
DA:12,0
DA:18,0
DA:19,0
LF:3
LH:0
end_of_record
SF:lib\feathures\watchlist\data\dto\watchlist_remote_dto.g.dart
DA:11,0
DA:12,0
DA:13,0
DA:14,0
DA:15,0
DA:16,0
DA:19,0
DA:20,0
DA:21,0
DA:22,0
DA:23,0
LF:11
LH:0
end_of_record
SF:lib\feathures\watchlist\data\model\watchlist_remote_model.dart
DA:7,0
DA:8,0
DA:12,0
DA:24,0
DA:30,0
DA:31,0
DA:33,0
DA:34,0
DA:35,0
DA:36,0
DA:37,0
DA:40,0
DA:42,0
DA:44,0
DA:45,0
DA:46,0
DA:47,0
DA:48,0
DA:49,0
LF:19
LH:0
end_of_record
SF:lib\feathures\watchlist\data\model\watchlist_remote_model.g.dart
DA:11,0
DA:13,0
DA:14,0
DA:15,0
DA:16,0
DA:18,0
DA:21,0
DA:23,0
DA:24,0
DA:25,0
DA:26,0
DA:27,0
LF:12
LH:0
end_of_record
SF:lib\feathures\watchlist\data\repository\watchlis_local_repository.dart
DA:8,0
DA:9,0
DA:10,0
DA:15,0
DA:17,0
DA:20,0
DA:23,0
DA:26,0
DA:29,0
DA:32,0
DA:35,0
DA:38,0
DA:41,0
DA:44,0
DA:47,0
DA:50,0
LF:16
LH:0
end_of_record
SF:lib\feathures\watchlist\domain\repository\watchlist_repository.dart
DA:9,0
DA:10,0
DA:12,0
DA:13,0
DA:14,0
LF:5
LH:0
end_of_record
SF:lib\feathures\watchlist\data\repository\watchlist_remote_repository.dart
DA:8,0
DA:9,0
DA:10,0
DA:16,0
DA:18,0
DA:20,0
DA:23,0
DA:26,0
DA:29,0
DA:32,0
DA:35,0
DA:38,0
DA:41,0
DA:44,0
DA:47,0
DA:50,0
LF:16
LH:0
end_of_record
SF:lib\feathures\watchlist\domain\usecase\addstock_watchlist_usecase.dart
DA:8,0
DA:9,0
DA:10,0
DA:11,0
DA:17,0
DA:20,0
DA:22,0
DA:23,0
LF:8
LH:0
end_of_record
SF:lib\feathures\watchlist\domain\usecase\create_watchlist_usecase.dart
DA:8,0
DA:9,0
DA:10,0
DA:11,0
DA:17,0
DA:20,0
DA:22,0
DA:23,0
LF:8
LH:0
end_of_record
SF:lib\feathures\watchlist\domain\usecase\delete_watchlist_usecase.dart
DA:8,0
DA:9,0
DA:10,0
DA:11,0
DA:17,0
DA:20,0
DA:22,0
DA:23,0
LF:8
LH:0
end_of_record
SF:lib\feathures\watchlist\domain\usecase\get_watchlist_usecase.dart
DA:9,0
DA:10,0
DA:11,0
DA:12,0
DA:13,0
DA:20,0
DA:25,0
DA:26,0
DA:27,0
DA:28,0
DA:29,0
DA:30,0
DA:31,0
DA:32,0
LF:14
LH:0
end_of_record
SF:lib\feathures\watchlist\domain\usecase\removestock_wathlist_usecase.dart
DA:8,0
DA:9,0
DA:10,0
DA:11,0
DA:17,0
DA:20,0
DA:22,0
DA:23,0
LF:8
LH:0
end_of_record
SF:lib\feathures\watchlist\domain\usecase\rename_watchlist_usecase.dart
DA:8,0
DA:9,0
DA:10,0
DA:11,0
DA:17,0
DA:20,0
DA:22,0
DA:23,0
LF:8
LH:0
end_of_record
SF:lib\feathures\watchlist\presentation\widget\add_stock_watchlist.dart
DA:16,0
DA:22,0
DA:25,0
DA:26,0
DA:27,0
DA:29,0
DA:31,0
DA:32,0
DA:34,0
DA:36,0
DA:37,0
DA:43,0
DA:45,0
DA:48,0
DA:49,0
DA:50,0
DA:51,0
DA:52,0
DA:53,0
DA:54,0
DA:55,0
DA:57,0
DA:58,0
DA:60,0
DA:61,0
DA:64,0
DA:69,0
DA:70,0
DA:71,0
DA:72,0
DA:75,0
DA:76,0
DA:80,0
DA:81,0
DA:82,0
DA:84,0
DA:86,0
DA:92,0
DA:93,0
DA:100,0
DA:106,0
DA:107,0
DA:113,0
DA:114,0
DA:115,0
DA:116,0
DA:118,0
DA:119,0
DA:120,0
DA:123,0
DA:127,0
DA:128,0
DA:129,0
DA:130,0
LF:54
LH:0
end_of_record
SF:lib\feathures\watchlist\presentation\widget\add_watchlist.dart
DA:10,2
DA:12,0
DA:14,0
DA:15,0
DA:16,0
DA:18,0
DA:20,0
DA:22,0
DA:24,0
DA:25,0
DA:28,0
DA:29,0
DA:38,0
DA:39,0
DA:40,0
DA:41,0
DA:43,0
DA:44,0
DA:46,0
DA:47,0
DA:48,0
DA:52,0
DA:54,0
DA:55,0
DA:56,0
DA:57,0
LF:26
LH:1
end_of_record
SF:lib\feathures\watchlist\presentation\widget\delete_stock_watchlist.dart
DA:13,0
DA:19,0
DA:21,0
DA:22,0
DA:24,0
DA:25,0
DA:26,0
DA:27,0
DA:29,0
DA:30,0
DA:31,0
DA:33,0
DA:35,0
DA:36,0
DA:37,0
LF:15
LH:0
end_of_record
SF:lib\feathures\watchlist\presentation\widget\delete_watchlist.dart
DA:12,0
DA:15,0
DA:17,0
DA:18,0
DA:20,0
DA:21,0
DA:22,0
DA:23,0
DA:25,0
DA:26,0
DA:27,0
DA:29,0
DA:31,0
DA:32,0
DA:33,0
LF:15
LH:0
end_of_record
SF:lib\feathures\watchlist\presentation\widget\rename_watchlist.dart
DA:13,0
DA:16,0
DA:18,0
DA:19,0
DA:20,0
DA:22,0
DA:24,0
DA:26,0
DA:29,0
DA:30,0
DA:32,0
DA:36,0
DA:37,0
DA:46,0
DA:47,0
DA:48,0
DA:49,0
DA:50,0
DA:53,0
DA:54,0
DA:56,0
DA:57,0
DA:60,0
DA:62,0
DA:63,0
DA:64,0
DA:65,0
LF:27
LH:0
end_of_record
